#
# There is insufficient memory for the Java Runtime Environment to continue.
# Native memory allocation (mmap) failed to map 134217728 bytes for G1 virtual space
# Possible reasons:
#   The system is out of physical RAM or swap space
#   The process is running with CompressedOops enabled, and the Java Heap may be blocking the growth of the native heap
# Possible solutions:
#   Reduce memory load on the system
#   Increase physical memory or swap space
#   Check if swap backing store is full
#   Decrease Java heap size (-Xmx/-Xms)
#   Decrease number of Java threads
#   Decrease Java thread stack sizes (-Xss)
#   Set larger code cache with -XX:ReservedCodeCacheSize=
#   JVM is running with Unscaled Compressed Oops mode in which the Java heap is
#     placed in the first 4GB address space. The Java Heap base address is the
#     maximum limit for the native heap growth. Please use -XX:HeapBaseMinAddress
#     to set the Java Heap base and to place the Java Heap above 4GB virtual address.
# This output file may be truncated or incomplete.
#
#  Out of Memory Error (os_windows.cpp:3469), pid=13484, tid=13324
#
# JRE version:  (17.0.1+12) (build )
# Java VM: Java HotSpot(TM) 64-Bit Server VM (17.0.1+12-LTS-39, mixed mode, sharing, tiered, compressed oops, compressed class ptrs, g1 gc, windows-amd64)
# No core dump will be written. Minidumps are not enabled by default on client versions of Windows
#

---------------  S U M M A R Y ------------

Command Line: -Dfile.encoding=Cp1252 --module-path=C:\Users\PRINCESSE\eclipse-workspace\GestionBancaire\bin;C:\Program Files\Java\javafx-sdk-18.0.1\lib\javafx-swt.jar;C:\Program Files\Java\javafx-sdk-18.0.1\lib\javafx.base.jar;C:\Program Files\Java\javafx-sdk-18.0.1\lib\javafx.controls.jar;C:\Program Files\Java\javafx-sdk-18.0.1\lib\javafx.fxml.jar;C:\Program Files\Java\javafx-sdk-18.0.1\lib\javafx.graphics.jar;C:\Program Files\Java\javafx-sdk-18.0.1\lib\javafx.media.jar;C:\Program Files\Java\javafx-sdk-18.0.1\lib\javafx.swing.jar;C:\Program Files\Java\javafx-sdk-18.0.1\lib\javafx.web.jar;C:\Users\PRINCESSE\.p2\pool\plugins\org.eclipse.fx.ide.css.jfx8_3.7.0.202010120832.jar -XX:+ShowCodeDetailsInExceptionMessages -Djdk.module.main=GestionBancaire GestionBancaire/application.Main

Host: Intel(R) Core(TM) i5-5200U CPU @ 2.20GHz, 4 cores, 7G,  Windows 10 , 64 bit Build 19041 (10.0.19041.1706)
Time: Thu Jun  2 14:39:39 2022 Greenwich elapsed time: 0.014696 seconds (0d 0h 0m 0s)

---------------  T H R E A D  ---------------

Current thread (0x000001721362d110):  JavaThread "Unknown thread" [_thread_in_vm, id=13324, stack(0x0000000f7e400000,0x0000000f7e500000)]

Stack: [0x0000000f7e400000,0x0000000f7e500000]
Native frames: (J=compiled Java code, j=interpreted, Vv=VM code, C=native code)
V  [jvm.dll+0x66fa1a]
V  [jvm.dll+0x7ce5a4]
V  [jvm.dll+0x7cfd4e]
V  [jvm.dll+0x7d03b3]
V  [jvm.dll+0x242b05]
V  [jvm.dll+0x66ca39]
V  [jvm.dll+0x661502]
V  [jvm.dll+0x30081b]
V  [jvm.dll+0x307da6]
V  [jvm.dll+0x357a1e]
V  [jvm.dll+0x357c4f]
V  [jvm.dll+0x2d7ad8]
V  [jvm.dll+0x2d8a44]
V  [jvm.dll+0x7a01e1]
V  [jvm.dll+0x365791]
V  [jvm.dll+0x77f6cc]
V  [jvm.dll+0x3e812f]
V  [jvm.dll+0x3e9bd1]
C  [jli.dll+0x527b]
C  [ucrtbase.dll+0x21bb2]
C  [KERNEL32.DLL+0x17034]
C  [ntdll.dll+0x52651]


---------------  P R O C E S S  ---------------

Threads class SMR info:
_java_thread_list=0x00007ff96de77818, length=0, elements={
}

Java Threads: ( => current thread )

Other Threads:
  0x000001721366c9f0 GCTaskThread "GC Thread#0" [stack: 0x0000000f7e500000,0x0000000f7e600000] [id=952]
  0x000001721367dd90 ConcurrentGCThread "G1 Main Marker" [stack: 0x0000000f7e600000,0x0000000f7e700000] [id=3856]
  0x000001721367e7a0 ConcurrentGCThread "G1 Conc#0" [stack: 0x0000000f7e700000,0x0000000f7e800000] [id=15116]

[error occurred during error reporting (printing all threads), id 0xc0000005, EXCEPTION_ACCESS_VIOLATION (0xc0000005) at pc=0x00007ff96d6c84b7]

VM state: not at safepoint (not fully initialized)

VM Mutex/Monitor currently owned by a thread:  ([mutex/lock_event])
[0x00000172136288c0] Heap_lock - owner thread: 0x000001721362d110

Heap address: 0x0000000081a00000, size: 2022 MB, Compressed Oops mode: 32-bit

CDS archive(s) mapped at: [0x0000000000000000-0x0000000000000000-0x0000000000000000), size 0, SharedBaseAddress: 0x0000000800000000, ArchiveRelocationMode: 0.
Narrow klass base: 0x0000000000000000, Narrow klass shift: 0, Narrow klass range: 0x0

GC Precious Log:
<Empty>

Heap:
 garbage-first heap   total 0K, used 0K [0x0000000081a00000, 0x0000000100000000)
  region size 1024K, 0 young (0K), 0 survivors (0K)

[error occurred during error reporting (printing heap information), id 0xc0000005, EXCEPTION_ACCESS_VIOLATION (0xc0000005) at pc=0x00007ff96daa8d89]

GC Heap History (0 events):
No events

Deoptimization events (0 events):
No events

Classes unloaded (0 events):
No events

Classes redefined (0 events):
No events

Internal exceptions (0 events):
No events

VM Operations (0 events):
No events

Events (1 events):
Event: 0.009 Loaded shared library C:\Program Files\Java\jdk-17.0.1\bin\java.dll


Dynamic libraries:
0x00007ff78a360000 - 0x00007ff78a370000 	C:\Program Files\Java\jdk-17.0.1\bin\javaw.exe
0x00007ff9c2ef0000 - 0x00007ff9c30e5000 	C:\WINDOWS\SYSTEM32\ntdll.dll
0x00007ff9c2260000 - 0x00007ff9c231d000 	C:\WINDOWS\System32\KERNEL32.DLL
0x00007ff9c08d0000 - 0x00007ff9c0b9d000 	C:\WINDOWS\System32\KERNELBASE.dll
0x00007ff9c0bd0000 - 0x00007ff9c0cd0000 	C:\WINDOWS\System32\ucrtbase.dll
0x00007ff9b3720000 - 0x00007ff9b373a000 	C:\Program Files\Java\jdk-17.0.1\bin\VCRUNTIME140.dll
0x00007ff9bd3d0000 - 0x00007ff9bd3e8000 	C:\Program Files\Java\jdk-17.0.1\bin\jli.dll
0x00007ff9c23d0000 - 0x00007ff9c247e000 	C:\WINDOWS\System32\ADVAPI32.dll
0x00007ff9c1750000 - 0x00007ff9c17ee000 	C:\WINDOWS\System32\msvcrt.dll
0x00007ff9c1f70000 - 0x00007ff9c200c000 	C:\WINDOWS\System32\sechost.dll
0x00007ff9c2130000 - 0x00007ff9c2255000 	C:\WINDOWS\System32\RPCRT4.dll
0x00007ff9c1d50000 - 0x00007ff9c1ef0000 	C:\WINDOWS\System32\USER32.dll
0x00007ff9c0ba0000 - 0x00007ff9c0bc2000 	C:\WINDOWS\System32\win32u.dll
0x00007ff9c1690000 - 0x00007ff9c16ba000 	C:\WINDOWS\System32\GDI32.dll
0x00007ff9c0e30000 - 0x00007ff9c0f3b000 	C:\WINDOWS\System32\gdi32full.dll
0x00007ff9b1b20000 - 0x00007ff9b1dba000 	C:\WINDOWS\WinSxS\amd64_microsoft.windows.common-controls_6595b64144ccf1df_6.0.19041.1110_none_60b5254171f9507e\COMCTL32.dll
0x00007ff9c0670000 - 0x00007ff9c070d000 	C:\WINDOWS\System32\msvcp_win.dll
0x00007ff9b84e0000 - 0x00007ff9b84ea000 	C:\WINDOWS\SYSTEM32\VERSION.dll
0x00007ff9c1720000 - 0x00007ff9c1750000 	C:\WINDOWS\System32\IMM32.DLL
0x00007ff9bd440000 - 0x00007ff9bd44c000 	C:\Program Files\Java\jdk-17.0.1\bin\vcruntime140_1.dll
0x00007ff99fe50000 - 0x00007ff99fedd000 	C:\Program Files\Java\jdk-17.0.1\bin\msvcp140.dll
0x00007ff96d3e0000 - 0x00007ff96df9e000 	C:\Program Files\Java\jdk-17.0.1\bin\server\jvm.dll
0x00007ff9c1f60000 - 0x00007ff9c1f68000 	C:\WINDOWS\System32\PSAPI.DLL
0x00007ff9aa740000 - 0x00007ff9aa749000 	C:\WINDOWS\SYSTEM32\WSOCK32.dll
0x00007ff9b22a0000 - 0x00007ff9b22c7000 	C:\WINDOWS\SYSTEM32\WINMM.dll
0x00007ff9c1ce0000 - 0x00007ff9c1d4b000 	C:\WINDOWS\System32\WS2_32.dll
0x00007ff9bee80000 - 0x00007ff9bee92000 	C:\WINDOWS\SYSTEM32\kernel.appcore.dll
0x00007ff9bd3c0000 - 0x00007ff9bd3ca000 	C:\Program Files\Java\jdk-17.0.1\bin\jimage.dll
0x00007ff9b7000000 - 0x00007ff9b71e4000 	C:\WINDOWS\SYSTEM32\DBGHELP.DLL
0x00007ff9b9180000 - 0x00007ff9b91ac000 	C:\WINDOWS\SYSTEM32\dbgcore.DLL
0x00007ff9c0710000 - 0x00007ff9c0792000 	C:\WINDOWS\System32\bcryptPrimitives.dll
0x00007ff99eb30000 - 0x00007ff99eb55000 	C:\Program Files\Java\jdk-17.0.1\bin\java.dll

dbghelp: loaded successfully - version: 4.0.5 - missing functions: none
symbol engine: initialized successfully - sym options: 0x614 - pdb path: .;C:\Program Files\Java\jdk-17.0.1\bin;C:\WINDOWS\SYSTEM32;C:\WINDOWS\WinSxS\amd64_microsoft.windows.common-controls_6595b64144ccf1df_6.0.19041.1110_none_60b5254171f9507e;C:\Program Files\Java\jdk-17.0.1\bin\server

VM Arguments:
jvm_args: -Dfile.encoding=Cp1252 --module-path=C:\Users\PRINCESSE\eclipse-workspace\GestionBancaire\bin;C:\Program Files\Java\javafx-sdk-18.0.1\lib\javafx-swt.jar;C:\Program Files\Java\javafx-sdk-18.0.1\lib\javafx.base.jar;C:\Program Files\Java\javafx-sdk-18.0.1\lib\javafx.controls.jar;C:\Program Files\Java\javafx-sdk-18.0.1\lib\javafx.fxml.jar;C:\Program Files\Java\javafx-sdk-18.0.1\lib\javafx.graphics.jar;C:\Program Files\Java\javafx-sdk-18.0.1\lib\javafx.media.jar;C:\Program Files\Java\javafx-sdk-18.0.1\lib\javafx.swing.jar;C:\Program Files\Java\javafx-sdk-18.0.1\lib\javafx.web.jar;C:\Users\PRINCESSE\.p2\pool\plugins\org.eclipse.fx.ide.css.jfx8_3.7.0.202010120832.jar -XX:+ShowCodeDetailsInExceptionMessages -Djdk.module.main=GestionBancaire 
java_command: GestionBancaire/application.Main
java_class_path (initial): C:\Program Files\Java\mysql-connector-java-8.0.29\mysql-connector-java-8.0.29.jar
Launcher Type: SUN_STANDARD

[Global flags]
     intx CICompilerCount                          = 3                                         {product} {ergonomic}
     uint ConcGCThreads                            = 1                                         {product} {ergonomic}
     uint G1ConcRefinementThreads                  = 4                                         {product} {ergonomic}
   size_t G1HeapRegionSize                         = 1048576                                   {product} {ergonomic}
    uintx GCDrainStackTargetSize                   = 64                                        {product} {ergonomic}
   size_t InitialHeapSize                          = 134217728                                 {product} {ergonomic}
   size_t MarkStackSize                            = 4194304                                   {product} {ergonomic}
   size_t MaxHeapSize                              = 2120220672                                {product} {ergonomic}
   size_t MinHeapDeltaBytes                        = 1048576                                   {product} {ergonomic}
   size_t MinHeapSize                              = 8388608                                   {product} {ergonomic}
    uintx NonNMethodCodeHeapSize                   = 5832780                                {pd product} {ergonomic}
    uintx NonProfiledCodeHeapSize                  = 122912730                              {pd product} {ergonomic}
    uintx ProfiledCodeHeapSize                     = 122912730                              {pd product} {ergonomic}
    uintx ReservedCodeCacheSize                    = 251658240                              {pd product} {ergonomic}
     bool SegmentedCodeCache                       = true                                      {product} {ergonomic}
     bool ShowCodeDetailsInExceptionMessages       = true                                   {manageable} {command line}
   size_t SoftMaxHeapSize                          = 2120220672                             {manageable} {ergonomic}
     bool UseCompressedClassPointers               = true                           {product lp64_product} {ergonomic}
     bool UseCompressedOops                        = true                           {product lp64_product} {ergonomic}
     bool UseG1GC                                  = true                                      {product} {ergonomic}
     bool UseLargePagesIndividualAllocation        = false                                  {pd product} {ergonomic}

Logging:
Log output configuration:
 #0: stdout all=warning uptime,level,tags
 #1: stderr all=off uptime,level,tags

Environment Variables:
JAVA_HOME=C:\Program Files\Java\jdk-17.0.1
PATH=C:\Program Files (x86)\VMware\VMware Workstation\bin\;C:\Program Files\Common Files\Oracle\Java\javapath;C:\WINDOWS\system32;C:\WINDOWS;C:\WINDOWS\System32\Wbem;C:\WINDOWS\System32\WindowsPowerShell\v1.0\;C:\WINDOWS\System32\OpenSSH\;C:\Program Files\Intel\WiFi\bin\;C:\Program Files\Common Files\Intel\WirelessCommon\;C:\MinGW\bin;C:\Program Files\Java\jdk-15.0.2\bin;C:\Program Files\Git\cmd;C:\Program Files\dotnet\;C:\Program Files\Symfony;C:\PHP8;C:\ProgramData\ComposerSetup\bin;C:\ProgramData\chocolatey\bin;C:\Program Files\nodejs\;C:\Program Files\Java\jdk-17.0.1\bin;C:\Users\PRINCESSE\AppData\Local\Programs\Python\Python39\Scripts\;C:\Users\PRINCESSE\AppData\Local\Programs\Python\Python39\;C:\Users\PRINCESSE\anaconda3;C:\Users\PRINCESSE\anaconda3\Library\mingw-w64\bin;C:\Users\PRINCESSE\anaconda3\Library\usr\bin;C:\Users\PRINCESSE\anaconda3\Library\bin;C:\Users\PRINCESSE\anaconda3\Scripts;C:\Users\PRINCESSE\AppData\Local\Microsoft\WindowsApps;C:\Users\PRINCESSE\AppData\Local\Programs\Microsoft VS Code\bin;C:\Program Files\JetBrains\PyCharm Community Edition 2021.1.2\bin;;C:\Program Files\Java\jdk-17.0.1\bin;C:\Program Files\Intel\WiFi\bin\;C:\Program Files\Common Files\Intel\WirelessCommon\;C:\Users\PRINCESSE\.dotnet\tools;C:\PHP8;C:\php7;C:\Users\PRINCESSE\AppData\Roaming\Composer\vendor\bin;C:\Users\PRINCESSE\AppData\Roaming\npm;
USERNAME=PRINCESSE
OS=Windows_NT
PROCESSOR_IDENTIFIER=Intel64 Family 6 Model 61 Stepping 4, GenuineIntel



---------------  S Y S T E M  ---------------

OS:
 Windows 10 , 64 bit Build 19041 (10.0.19041.1706)
OS uptime: 1 days 11:44 hours

CPU: total 4 (initial active 4) (2 cores per cpu, 2 threads per core) family 6 model 61 stepping 4 microcode 0x2f, cx8, cmov, fxsr, ht, mmx, 3dnowpref, sse, sse2, sse3, ssse3, sse4.1, sse4.2, popcnt, lzcnt, tsc, tscinvbit, avx, avx2, aes, erms, clmul, bmi1, bmi2, adx, fma, vzeroupper, clflush

Memory: 4k page, system-wide physical 8083M (2037M free)
TotalPageFile size 9989M (AvailPageFile size 47M)
current process WorkingSet (physical memory assigned to process): 10M, peak: 10M
current process commit charge ("private bytes"): 51M, peak: 179M

vm_info: Java HotSpot(TM) 64-Bit Server VM (17.0.1+12-LTS-39) for windows-amd64 JRE (17.0.1+12-LTS-39), built on Sep 27 2021 18:41:35 by "mach5one" with MS VC++ 16.8 (VS2019)

END.
