#
# There is insufficient memory for the Java Runtime Environment to continue.
# Native memory allocation (malloc) failed to allocate 262960 bytes for Chunk::new
# Possible reasons:
#   The system is out of physical RAM or swap space
#   The process is running with CompressedOops enabled, and the Java Heap may be blocking the growth of the native heap
# Possible solutions:
#   Reduce memory load on the system
#   Increase physical memory or swap space
#   Check if swap backing store is full
#   Decrease Java heap size (-Xmx/-Xms)
#   Decrease number of Java threads
#   Decrease Java thread stack sizes (-Xss)
#   Set larger code cache with -XX:ReservedCodeCacheSize=
#   JVM is running with Unscaled Compressed Oops mode in which the Java heap is
#     placed in the first 4GB address space. The Java Heap base address is the
#     maximum limit for the native heap growth. Please use -XX:HeapBaseMinAddress
#     to set the Java Heap base and to place the Java Heap above 4GB virtual address.
# This output file may be truncated or incomplete.
#
#  Out of Memory Error (arena.cpp:189), pid=12736, tid=12372
#
# JRE version: Java(TM) SE Runtime Environment (17.0.1+12) (build 17.0.1+12-LTS-39)
# Java VM: Java HotSpot(TM) 64-Bit Server VM (17.0.1+12-LTS-39, mixed mode, sharing, tiered, compressed oops, compressed class ptrs, g1 gc, windows-amd64)
# No core dump will be written. Minidumps are not enabled by default on client versions of Windows
#

---------------  S U M M A R Y ------------

Command Line: -Dfile.encoding=Cp1252 --module-path=C:\Users\PRINCESSE\eclipse-workspace\GestionBancaire\bin;C:\Program Files\Java\javafx-sdk-18.0.1\lib\javafx-swt.jar;C:\Program Files\Java\javafx-sdk-18.0.1\lib\javafx.base.jar;C:\Program Files\Java\javafx-sdk-18.0.1\lib\javafx.controls.jar;C:\Program Files\Java\javafx-sdk-18.0.1\lib\javafx.fxml.jar;C:\Program Files\Java\javafx-sdk-18.0.1\lib\javafx.graphics.jar;C:\Program Files\Java\javafx-sdk-18.0.1\lib\javafx.media.jar;C:\Program Files\Java\javafx-sdk-18.0.1\lib\javafx.swing.jar;C:\Program Files\Java\javafx-sdk-18.0.1\lib\javafx.web.jar;C:\Users\PRINCESSE\.p2\pool\plugins\org.eclipse.fx.ide.css.jfx8_3.7.0.202010120832.jar -XX:+ShowCodeDetailsInExceptionMessages -Djdk.module.main=GestionBancaire GestionBancaire/application.Main

Host: Intel(R) Core(TM) i5-5200U CPU @ 2.20GHz, 4 cores, 7G,  Windows 10 , 64 bit Build 19041 (10.0.19041.1706)
Time: Wed Jun  1 02:37:42 2022 Greenwich elapsed time: 2.402321 seconds (0d 0h 0m 2s)

---------------  T H R E A D  ---------------

Current thread (0x000001e9bb401110):  JavaThread "C2 CompilerThread1" daemon [_thread_in_native, id=12372, stack(0x000000dc71a00000,0x000000dc71b00000)]


Current CompileTask:
C2:   2402 1200       4       jdk.internal.org.objectweb.asm.SymbolTable::addConstantUtf8 (98 bytes)

Stack: [0x000000dc71a00000,0x000000dc71b00000]
Native frames: (J=compiled Java code, j=interpreted, Vv=VM code, C=native code)
V  [jvm.dll+0x66fa1a]
V  [jvm.dll+0x7ce5a4]
V  [jvm.dll+0x7cfd4e]
V  [jvm.dll+0x7d03b3]
V  [jvm.dll+0x242b05]
V  [jvm.dll+0xaa05b]
V  [jvm.dll+0xaa5ec]
V  [jvm.dll+0x35fa07]
V  [jvm.dll+0x329f51]
V  [jvm.dll+0x3293fa]
V  [jvm.dll+0x215bf1]
V  [jvm.dll+0x215011]
V  [jvm.dll+0x1a168d]
V  [jvm.dll+0x224848]
V  [jvm.dll+0x2229ac]
V  [jvm.dll+0x78435b]
V  [jvm.dll+0x77e91a]
V  [jvm.dll+0x66e845]
C  [ucrtbase.dll+0x21bb2]
C  [KERNEL32.DLL+0x17034]
C  [ntdll.dll+0x52651]


---------------  P R O C E S S  ---------------

Threads class SMR info:
_java_thread_list=0x000001e9bb34a340, length=18, elements={
0x000001e99c12e710, 0x000001e9b98e3640, 0x000001e9b98e6df0, 0x000001e9b98f8f10,
0x000001e9b98fc7f0, 0x000001e9b98fd0b0, 0x000001e9b98fd970, 0x000001e9b98fe610,
0x000001e9b996ae00, 0x000001e9b996fad0, 0x000001e9b98cbc40, 0x000001e9ba601a30,
0x000001e9bae483c0, 0x000001e9bae5aec0, 0x000001e9ba826ea0, 0x000001e9bb064270,
0x000001e9bb062590, 0x000001e9bb401110
}

Java Threads: ( => current thread )
  0x000001e99c12e710 JavaThread "main" [_thread_blocked, id=2168, stack(0x000000dc6fc00000,0x000000dc6fd00000)]
  0x000001e9b98e3640 JavaThread "Reference Handler" daemon [_thread_blocked, id=11696, stack(0x000000dc70300000,0x000000dc70400000)]
  0x000001e9b98e6df0 JavaThread "Finalizer" daemon [_thread_blocked, id=10124, stack(0x000000dc70400000,0x000000dc70500000)]
  0x000001e9b98f8f10 JavaThread "Signal Dispatcher" daemon [_thread_blocked, id=13548, stack(0x000000dc70500000,0x000000dc70600000)]
  0x000001e9b98fc7f0 JavaThread "Attach Listener" daemon [_thread_blocked, id=9016, stack(0x000000dc70600000,0x000000dc70700000)]
  0x000001e9b98fd0b0 JavaThread "Service Thread" daemon [_thread_blocked, id=10840, stack(0x000000dc70700000,0x000000dc70800000)]
  0x000001e9b98fd970 JavaThread "Monitor Deflation Thread" daemon [_thread_blocked, id=12224, stack(0x000000dc70800000,0x000000dc70900000)]
  0x000001e9b98fe610 JavaThread "C2 CompilerThread0" daemon [_thread_in_native, id=11476, stack(0x000000dc70900000,0x000000dc70a00000)]
  0x000001e9b996ae00 JavaThread "C1 CompilerThread0" daemon [_thread_in_native, id=9272, stack(0x000000dc70a00000,0x000000dc70b00000)]
  0x000001e9b996fad0 JavaThread "Sweeper thread" daemon [_thread_blocked, id=8404, stack(0x000000dc70b00000,0x000000dc70c00000)]
  0x000001e9b98cbc40 JavaThread "Common-Cleaner" daemon [_thread_blocked, id=9748, stack(0x000000dc70c00000,0x000000dc70d00000)]
  0x000001e9ba601a30 JavaThread "Notification Thread" daemon [_thread_blocked, id=9920, stack(0x000000dc70e00000,0x000000dc70f00000)]
  0x000001e9bae483c0 JavaThread "QuantumRenderer-0" daemon [_thread_blocked, id=5284, stack(0x000000dc71000000,0x000000dc71100000)]
  0x000001e9bae5aec0 JavaThread "InvokeLaterDispatcher" daemon [_thread_blocked, id=4716, stack(0x000000dc71100000,0x000000dc71200000)]
  0x000001e9ba826ea0 JavaThread "JavaFX Application Thread" [_thread_in_vm, id=13588, stack(0x000000dc71200000,0x000000dc71300000)]
  0x000001e9bb064270 JavaThread "Thread-1" daemon [_thread_in_native, id=12320, stack(0x000000dc70d00000,0x000000dc70e00000)]
  0x000001e9bb062590 JavaThread "JavaFX-Launcher" [_thread_blocked, id=7992, stack(0x000000dc71900000,0x000000dc71a00000)]
=>0x000001e9bb401110 JavaThread "C2 CompilerThread1" daemon [_thread_in_native, id=12372, stack(0x000000dc71a00000,0x000000dc71b00000)]

Other Threads:
  0x000001e9b98dd6d0 VMThread "VM Thread" [stack: 0x000000dc70200000,0x000000dc70300000] [id=12284]
  0x000001e9ba6ce350 WatcherThread [stack: 0x000000dc70f00000,0x000000dc71000000] [id=7920]
  0x000001e99c16cc70 GCTaskThread "GC Thread#0" [stack: 0x000000dc6fd00000,0x000000dc6fe00000] [id=14076]
  0x000001e9bb567130 GCTaskThread "GC Thread#1" [stack: 0x000000dc71600000,0x000000dc71700000] [id=3392]
  0x000001e9bb5662f0 GCTaskThread "GC Thread#2" [stack: 0x000000dc71700000,0x000000dc71800000] [id=13532]
  0x000001e9bb569860 GCTaskThread "GC Thread#3" [stack: 0x000000dc71800000,0x000000dc71900000] [id=12068]
  0x000001e99c17e790 ConcurrentGCThread "G1 Main Marker" [stack: 0x000000dc6fe00000,0x000000dc6ff00000] [id=10736]
  0x000001e99c17f990 ConcurrentGCThread "G1 Conc#0" [stack: 0x000000dc6ff00000,0x000000dc70000000] [id=12880]
  0x000001e99c1f6b20 ConcurrentGCThread "G1 Refine#0" [stack: 0x000000dc70000000,0x000000dc70100000] [id=12296]
  0x000001e99c1f7d30 ConcurrentGCThread "G1 Service" [stack: 0x000000dc70100000,0x000000dc70200000] [id=11928]

Threads with active compile tasks:
C2 CompilerThread0     2567 1048   !   4       com.sun.javafx.css.ParsedValueImpl::readBinary (688 bytes)
C1 CompilerThread0     2567 1224       3       com.sun.javafx.fxml.BeanAdapter$MethodCache::getMethod (99 bytes)
C2 CompilerThread1     2567 1200       4       jdk.internal.org.objectweb.asm.SymbolTable::addConstantUtf8 (98 bytes)

VM state: not at safepoint (normal execution)

VM Mutex/Monitor currently owned by a thread: None

Heap address: 0x0000000081a00000, size: 2022 MB, Compressed Oops mode: 32-bit

CDS archive(s) mapped at: [0x0000000800000000-0x0000000800bc0000-0x0000000800bc0000), size 12320768, SharedBaseAddress: 0x0000000800000000, ArchiveRelocationMode: 0.
Compressed class space mapped at: 0x0000000800c00000-0x0000000840c00000, reserved size: 1073741824
Narrow klass base: 0x0000000800000000, Narrow klass shift: 0, Narrow klass range: 0x100000000

GC Precious Log:
 CPUs: 4 total, 4 available
 Memory: 8083M
 Large Page Support: Disabled
 NUMA Support: Disabled
 Compressed Oops: Enabled (32-bit)
 Heap Region Size: 1M
 Heap Min Capacity: 8M
 Heap Initial Capacity: 128M
 Heap Max Capacity: 2022M
 Pre-touch: Disabled
 Parallel Workers: 4
 Concurrent Workers: 1
 Concurrent Refinement Workers: 4
 Periodic GC: Disabled

Heap:
 garbage-first heap   total 131072K, used 7046K [0x0000000081a00000, 0x0000000100000000)
  region size 1024K, 6 young (6144K), 3 survivors (3072K)
 Metaspace       used 8425K, committed 8640K, reserved 1064960K
  class space    used 1047K, committed 1152K, reserved 1048576K

Heap Regions: E=young(eden), S=young(survivor), O=old, HS=humongous(starts), HC=humongous(continues), CS=collection set, F=free, OA=open archive, CA=closed archive, TAMS=top-at-mark-start (previous, next)
|   0|0x0000000081a00000, 0x0000000081b00000, 0x0000000081b00000|100%| O|  |TAMS 0x0000000081a00000, 0x0000000081a00000| Untracked 
|   1|0x0000000081b00000, 0x0000000081be1a00, 0x0000000081c00000| 88%| O|  |TAMS 0x0000000081b00000, 0x0000000081b00000| Untracked 
|   2|0x0000000081c00000, 0x0000000081c00000, 0x0000000081d00000|  0%| F|  |TAMS 0x0000000081c00000, 0x0000000081c00000| Untracked 
|   3|0x0000000081d00000, 0x0000000081d00000, 0x0000000081e00000|  0%| F|  |TAMS 0x0000000081d00000, 0x0000000081d00000| Untracked 
|   4|0x0000000081e00000, 0x0000000081e00000, 0x0000000081f00000|  0%| F|  |TAMS 0x0000000081e00000, 0x0000000081e00000| Untracked 
|   5|0x0000000081f00000, 0x0000000081f00000, 0x0000000082000000|  0%| F|  |TAMS 0x0000000081f00000, 0x0000000081f00000| Untracked 
|   6|0x0000000082000000, 0x0000000082000000, 0x0000000082100000|  0%| F|  |TAMS 0x0000000082000000, 0x0000000082000000| Untracked 
|   7|0x0000000082100000, 0x0000000082100000, 0x0000000082200000|  0%| F|  |TAMS 0x0000000082100000, 0x0000000082100000| Untracked 
|   8|0x0000000082200000, 0x0000000082200000, 0x0000000082300000|  0%| F|  |TAMS 0x0000000082200000, 0x0000000082200000| Untracked 
|   9|0x0000000082300000, 0x0000000082300000, 0x0000000082400000|  0%| F|  |TAMS 0x0000000082300000, 0x0000000082300000| Untracked 
|  10|0x0000000082400000, 0x0000000082400000, 0x0000000082500000|  0%| F|  |TAMS 0x0000000082400000, 0x0000000082400000| Untracked 
|  11|0x0000000082500000, 0x0000000082500000, 0x0000000082600000|  0%| F|  |TAMS 0x0000000082500000, 0x0000000082500000| Untracked 
|  12|0x0000000082600000, 0x0000000082600000, 0x0000000082700000|  0%| F|  |TAMS 0x0000000082600000, 0x0000000082600000| Untracked 
|  13|0x0000000082700000, 0x0000000082700000, 0x0000000082800000|  0%| F|  |TAMS 0x0000000082700000, 0x0000000082700000| Untracked 
|  14|0x0000000082800000, 0x0000000082800000, 0x0000000082900000|  0%| F|  |TAMS 0x0000000082800000, 0x0000000082800000| Untracked 
|  15|0x0000000082900000, 0x0000000082900000, 0x0000000082a00000|  0%| F|  |TAMS 0x0000000082900000, 0x0000000082900000| Untracked 
|  16|0x0000000082a00000, 0x0000000082a00000, 0x0000000082b00000|  0%| F|  |TAMS 0x0000000082a00000, 0x0000000082a00000| Untracked 
|  17|0x0000000082b00000, 0x0000000082b00000, 0x0000000082c00000|  0%| F|  |TAMS 0x0000000082b00000, 0x0000000082b00000| Untracked 
|  18|0x0000000082c00000, 0x0000000082c00000, 0x0000000082d00000|  0%| F|  |TAMS 0x0000000082c00000, 0x0000000082c00000| Untracked 
|  19|0x0000000082d00000, 0x0000000082d00000, 0x0000000082e00000|  0%| F|  |TAMS 0x0000000082d00000, 0x0000000082d00000| Untracked 
|  20|0x0000000082e00000, 0x0000000082e00000, 0x0000000082f00000|  0%| F|  |TAMS 0x0000000082e00000, 0x0000000082e00000| Untracked 
|  21|0x0000000082f00000, 0x0000000082f00000, 0x0000000083000000|  0%| F|  |TAMS 0x0000000082f00000, 0x0000000082f00000| Untracked 
|  22|0x0000000083000000, 0x0000000083000000, 0x0000000083100000|  0%| F|  |TAMS 0x0000000083000000, 0x0000000083000000| Untracked 
|  23|0x0000000083100000, 0x0000000083100000, 0x0000000083200000|  0%| F|  |TAMS 0x0000000083100000, 0x0000000083100000| Untracked 
|  24|0x0000000083200000, 0x0000000083200000, 0x0000000083300000|  0%| F|  |TAMS 0x0000000083200000, 0x0000000083200000| Untracked 
|  25|0x0000000083300000, 0x0000000083300000, 0x0000000083400000|  0%| F|  |TAMS 0x0000000083300000, 0x0000000083300000| Untracked 
|  26|0x0000000083400000, 0x0000000083400000, 0x0000000083500000|  0%| F|  |TAMS 0x0000000083400000, 0x0000000083400000| Untracked 
|  27|0x0000000083500000, 0x0000000083500000, 0x0000000083600000|  0%| F|  |TAMS 0x0000000083500000, 0x0000000083500000| Untracked 
|  28|0x0000000083600000, 0x0000000083600000, 0x0000000083700000|  0%| F|  |TAMS 0x0000000083600000, 0x0000000083600000| Untracked 
|  29|0x0000000083700000, 0x0000000083700000, 0x0000000083800000|  0%| F|  |TAMS 0x0000000083700000, 0x0000000083700000| Untracked 
|  30|0x0000000083800000, 0x0000000083800000, 0x0000000083900000|  0%| F|  |TAMS 0x0000000083800000, 0x0000000083800000| Untracked 
|  31|0x0000000083900000, 0x0000000083900000, 0x0000000083a00000|  0%| F|  |TAMS 0x0000000083900000, 0x0000000083900000| Untracked 
|  32|0x0000000083a00000, 0x0000000083a00000, 0x0000000083b00000|  0%| F|  |TAMS 0x0000000083a00000, 0x0000000083a00000| Untracked 
|  33|0x0000000083b00000, 0x0000000083b00000, 0x0000000083c00000|  0%| F|  |TAMS 0x0000000083b00000, 0x0000000083b00000| Untracked 
|  34|0x0000000083c00000, 0x0000000083c00000, 0x0000000083d00000|  0%| F|  |TAMS 0x0000000083c00000, 0x0000000083c00000| Untracked 
|  35|0x0000000083d00000, 0x0000000083d00000, 0x0000000083e00000|  0%| F|  |TAMS 0x0000000083d00000, 0x0000000083d00000| Untracked 
|  36|0x0000000083e00000, 0x0000000083e00000, 0x0000000083f00000|  0%| F|  |TAMS 0x0000000083e00000, 0x0000000083e00000| Untracked 
|  37|0x0000000083f00000, 0x0000000083f00000, 0x0000000084000000|  0%| F|  |TAMS 0x0000000083f00000, 0x0000000083f00000| Untracked 
|  38|0x0000000084000000, 0x0000000084000000, 0x0000000084100000|  0%| F|  |TAMS 0x0000000084000000, 0x0000000084000000| Untracked 
|  39|0x0000000084100000, 0x0000000084100000, 0x0000000084200000|  0%| F|  |TAMS 0x0000000084100000, 0x0000000084100000| Untracked 
|  40|0x0000000084200000, 0x0000000084200000, 0x0000000084300000|  0%| F|  |TAMS 0x0000000084200000, 0x0000000084200000| Untracked 
|  41|0x0000000084300000, 0x0000000084300000, 0x0000000084400000|  0%| F|  |TAMS 0x0000000084300000, 0x0000000084300000| Untracked 
|  42|0x0000000084400000, 0x0000000084400000, 0x0000000084500000|  0%| F|  |TAMS 0x0000000084400000, 0x0000000084400000| Untracked 
|  43|0x0000000084500000, 0x0000000084500000, 0x0000000084600000|  0%| F|  |TAMS 0x0000000084500000, 0x0000000084500000| Untracked 
|  44|0x0000000084600000, 0x0000000084600000, 0x0000000084700000|  0%| F|  |TAMS 0x0000000084600000, 0x0000000084600000| Untracked 
|  45|0x0000000084700000, 0x0000000084700000, 0x0000000084800000|  0%| F|  |TAMS 0x0000000084700000, 0x0000000084700000| Untracked 
|  46|0x0000000084800000, 0x0000000084800000, 0x0000000084900000|  0%| F|  |TAMS 0x0000000084800000, 0x0000000084800000| Untracked 
|  47|0x0000000084900000, 0x0000000084900000, 0x0000000084a00000|  0%| F|  |TAMS 0x0000000084900000, 0x0000000084900000| Untracked 
|  48|0x0000000084a00000, 0x0000000084a00000, 0x0000000084b00000|  0%| F|  |TAMS 0x0000000084a00000, 0x0000000084a00000| Untracked 
|  49|0x0000000084b00000, 0x0000000084b00000, 0x0000000084c00000|  0%| F|  |TAMS 0x0000000084b00000, 0x0000000084b00000| Untracked 
|  50|0x0000000084c00000, 0x0000000084c00000, 0x0000000084d00000|  0%| F|  |TAMS 0x0000000084c00000, 0x0000000084c00000| Untracked 
|  51|0x0000000084d00000, 0x0000000084d00000, 0x0000000084e00000|  0%| F|  |TAMS 0x0000000084d00000, 0x0000000084d00000| Untracked 
|  52|0x0000000084e00000, 0x0000000084e00000, 0x0000000084f00000|  0%| F|  |TAMS 0x0000000084e00000, 0x0000000084e00000| Untracked 
|  53|0x0000000084f00000, 0x0000000084f00000, 0x0000000085000000|  0%| F|  |TAMS 0x0000000084f00000, 0x0000000084f00000| Untracked 
|  54|0x0000000085000000, 0x0000000085000000, 0x0000000085100000|  0%| F|  |TAMS 0x0000000085000000, 0x0000000085000000| Untracked 
|  55|0x0000000085100000, 0x0000000085100000, 0x0000000085200000|  0%| F|  |TAMS 0x0000000085100000, 0x0000000085100000| Untracked 
|  56|0x0000000085200000, 0x0000000085200000, 0x0000000085300000|  0%| F|  |TAMS 0x0000000085200000, 0x0000000085200000| Untracked 
|  57|0x0000000085300000, 0x0000000085300000, 0x0000000085400000|  0%| F|  |TAMS 0x0000000085300000, 0x0000000085300000| Untracked 
|  58|0x0000000085400000, 0x0000000085400000, 0x0000000085500000|  0%| F|  |TAMS 0x0000000085400000, 0x0000000085400000| Untracked 
|  59|0x0000000085500000, 0x0000000085500000, 0x0000000085600000|  0%| F|  |TAMS 0x0000000085500000, 0x0000000085500000| Untracked 
|  60|0x0000000085600000, 0x0000000085600000, 0x0000000085700000|  0%| F|  |TAMS 0x0000000085600000, 0x0000000085600000| Untracked 
|  61|0x0000000085700000, 0x0000000085700000, 0x0000000085800000|  0%| F|  |TAMS 0x0000000085700000, 0x0000000085700000| Untracked 
|  62|0x0000000085800000, 0x0000000085800000, 0x0000000085900000|  0%| F|  |TAMS 0x0000000085800000, 0x0000000085800000| Untracked 
|  63|0x0000000085900000, 0x0000000085900000, 0x0000000085a00000|  0%| F|  |TAMS 0x0000000085900000, 0x0000000085900000| Untracked 
|  64|0x0000000085a00000, 0x0000000085a00000, 0x0000000085b00000|  0%| F|  |TAMS 0x0000000085a00000, 0x0000000085a00000| Untracked 
|  65|0x0000000085b00000, 0x0000000085b00000, 0x0000000085c00000|  0%| F|  |TAMS 0x0000000085b00000, 0x0000000085b00000| Untracked 
|  66|0x0000000085c00000, 0x0000000085c00000, 0x0000000085d00000|  0%| F|  |TAMS 0x0000000085c00000, 0x0000000085c00000| Untracked 
|  67|0x0000000085d00000, 0x0000000085d00000, 0x0000000085e00000|  0%| F|  |TAMS 0x0000000085d00000, 0x0000000085d00000| Untracked 
|  68|0x0000000085e00000, 0x0000000085e00000, 0x0000000085f00000|  0%| F|  |TAMS 0x0000000085e00000, 0x0000000085e00000| Untracked 
|  69|0x0000000085f00000, 0x0000000085f00000, 0x0000000086000000|  0%| F|  |TAMS 0x0000000085f00000, 0x0000000085f00000| Untracked 
|  70|0x0000000086000000, 0x0000000086000000, 0x0000000086100000|  0%| F|  |TAMS 0x0000000086000000, 0x0000000086000000| Untracked 
|  71|0x0000000086100000, 0x0000000086100000, 0x0000000086200000|  0%| F|  |TAMS 0x0000000086100000, 0x0000000086100000| Untracked 
|  72|0x0000000086200000, 0x0000000086200000, 0x0000000086300000|  0%| F|  |TAMS 0x0000000086200000, 0x0000000086200000| Untracked 
|  73|0x0000000086300000, 0x0000000086300000, 0x0000000086400000|  0%| F|  |TAMS 0x0000000086300000, 0x0000000086300000| Untracked 
|  74|0x0000000086400000, 0x0000000086400000, 0x0000000086500000|  0%| F|  |TAMS 0x0000000086400000, 0x0000000086400000| Untracked 
|  75|0x0000000086500000, 0x0000000086500000, 0x0000000086600000|  0%| F|  |TAMS 0x0000000086500000, 0x0000000086500000| Untracked 
|  76|0x0000000086600000, 0x0000000086600000, 0x0000000086700000|  0%| F|  |TAMS 0x0000000086600000, 0x0000000086600000| Untracked 
|  77|0x0000000086700000, 0x0000000086700000, 0x0000000086800000|  0%| F|  |TAMS 0x0000000086700000, 0x0000000086700000| Untracked 
|  78|0x0000000086800000, 0x0000000086800000, 0x0000000086900000|  0%| F|  |TAMS 0x0000000086800000, 0x0000000086800000| Untracked 
|  79|0x0000000086900000, 0x0000000086900000, 0x0000000086a00000|  0%| F|  |TAMS 0x0000000086900000, 0x0000000086900000| Untracked 
|  80|0x0000000086a00000, 0x0000000086a00000, 0x0000000086b00000|  0%| F|  |TAMS 0x0000000086a00000, 0x0000000086a00000| Untracked 
|  81|0x0000000086b00000, 0x0000000086b00000, 0x0000000086c00000|  0%| F|  |TAMS 0x0000000086b00000, 0x0000000086b00000| Untracked 
|  82|0x0000000086c00000, 0x0000000086c00000, 0x0000000086d00000|  0%| F|  |TAMS 0x0000000086c00000, 0x0000000086c00000| Untracked 
|  83|0x0000000086d00000, 0x0000000086d00000, 0x0000000086e00000|  0%| F|  |TAMS 0x0000000086d00000, 0x0000000086d00000| Untracked 
|  84|0x0000000086e00000, 0x0000000086e00000, 0x0000000086f00000|  0%| F|  |TAMS 0x0000000086e00000, 0x0000000086e00000| Untracked 
|  85|0x0000000086f00000, 0x0000000086f00000, 0x0000000087000000|  0%| F|  |TAMS 0x0000000086f00000, 0x0000000086f00000| Untracked 
|  86|0x0000000087000000, 0x0000000087000000, 0x0000000087100000|  0%| F|  |TAMS 0x0000000087000000, 0x0000000087000000| Untracked 
|  87|0x0000000087100000, 0x0000000087100000, 0x0000000087200000|  0%| F|  |TAMS 0x0000000087100000, 0x0000000087100000| Untracked 
|  88|0x0000000087200000, 0x0000000087200000, 0x0000000087300000|  0%| F|  |TAMS 0x0000000087200000, 0x0000000087200000| Untracked 
|  89|0x0000000087300000, 0x0000000087300000, 0x0000000087400000|  0%| F|  |TAMS 0x0000000087300000, 0x0000000087300000| Untracked 
|  90|0x0000000087400000, 0x0000000087400000, 0x0000000087500000|  0%| F|  |TAMS 0x0000000087400000, 0x0000000087400000| Untracked 
|  91|0x0000000087500000, 0x0000000087500000, 0x0000000087600000|  0%| F|  |TAMS 0x0000000087500000, 0x0000000087500000| Untracked 
|  92|0x0000000087600000, 0x0000000087600000, 0x0000000087700000|  0%| F|  |TAMS 0x0000000087600000, 0x0000000087600000| Untracked 
|  93|0x0000000087700000, 0x0000000087700000, 0x0000000087800000|  0%| F|  |TAMS 0x0000000087700000, 0x0000000087700000| Untracked 
|  94|0x0000000087800000, 0x0000000087800000, 0x0000000087900000|  0%| F|  |TAMS 0x0000000087800000, 0x0000000087800000| Untracked 
|  95|0x0000000087900000, 0x0000000087900000, 0x0000000087a00000|  0%| F|  |TAMS 0x0000000087900000, 0x0000000087900000| Untracked 
|  96|0x0000000087a00000, 0x0000000087a00000, 0x0000000087b00000|  0%| F|  |TAMS 0x0000000087a00000, 0x0000000087a00000| Untracked 
|  97|0x0000000087b00000, 0x0000000087b00000, 0x0000000087c00000|  0%| F|  |TAMS 0x0000000087b00000, 0x0000000087b00000| Untracked 
|  98|0x0000000087c00000, 0x0000000087c00000, 0x0000000087d00000|  0%| F|  |TAMS 0x0000000087c00000, 0x0000000087c00000| Untracked 
|  99|0x0000000087d00000, 0x0000000087d00000, 0x0000000087e00000|  0%| F|  |TAMS 0x0000000087d00000, 0x0000000087d00000| Untracked 
| 100|0x0000000087e00000, 0x0000000087e00000, 0x0000000087f00000|  0%| F|  |TAMS 0x0000000087e00000, 0x0000000087e00000| Untracked 
| 101|0x0000000087f00000, 0x0000000087f00000, 0x0000000088000000|  0%| F|  |TAMS 0x0000000087f00000, 0x0000000087f00000| Untracked 
| 102|0x0000000088000000, 0x0000000088000000, 0x0000000088100000|  0%| F|  |TAMS 0x0000000088000000, 0x0000000088000000| Untracked 
| 103|0x0000000088100000, 0x0000000088100000, 0x0000000088200000|  0%| F|  |TAMS 0x0000000088100000, 0x0000000088100000| Untracked 
| 104|0x0000000088200000, 0x0000000088200000, 0x0000000088300000|  0%| F|  |TAMS 0x0000000088200000, 0x0000000088200000| Untracked 
| 105|0x0000000088300000, 0x0000000088300000, 0x0000000088400000|  0%| F|  |TAMS 0x0000000088300000, 0x0000000088300000| Untracked 
| 106|0x0000000088400000, 0x0000000088500000, 0x0000000088500000|100%| S|CS|TAMS 0x0000000088400000, 0x0000000088400000| Complete 
| 107|0x0000000088500000, 0x0000000088600000, 0x0000000088600000|100%| S|CS|TAMS 0x0000000088500000, 0x0000000088500000| Complete 
| 108|0x0000000088600000, 0x0000000088700000, 0x0000000088700000|100%| S|CS|TAMS 0x0000000088600000, 0x0000000088600000| Complete 
| 109|0x0000000088700000, 0x0000000088700000, 0x0000000088800000|  0%| F|  |TAMS 0x0000000088700000, 0x0000000088700000| Untracked 
| 110|0x0000000088800000, 0x0000000088800000, 0x0000000088900000|  0%| F|  |TAMS 0x0000000088800000, 0x0000000088800000| Untracked 
| 111|0x0000000088900000, 0x0000000088900000, 0x0000000088a00000|  0%| F|  |TAMS 0x0000000088900000, 0x0000000088900000| Untracked 
| 112|0x0000000088a00000, 0x0000000088a00000, 0x0000000088b00000|  0%| F|  |TAMS 0x0000000088a00000, 0x0000000088a00000| Untracked 
| 113|0x0000000088b00000, 0x0000000088b00000, 0x0000000088c00000|  0%| F|  |TAMS 0x0000000088b00000, 0x0000000088b00000| Untracked 
| 114|0x0000000088c00000, 0x0000000088c00000, 0x0000000088d00000|  0%| F|  |TAMS 0x0000000088c00000, 0x0000000088c00000| Untracked 
| 115|0x0000000088d00000, 0x0000000088d00000, 0x0000000088e00000|  0%| F|  |TAMS 0x0000000088d00000, 0x0000000088d00000| Untracked 
| 116|0x0000000088e00000, 0x0000000088e00000, 0x0000000088f00000|  0%| F|  |TAMS 0x0000000088e00000, 0x0000000088e00000| Untracked 
| 117|0x0000000088f00000, 0x0000000088f00000, 0x0000000089000000|  0%| F|  |TAMS 0x0000000088f00000, 0x0000000088f00000| Untracked 
| 118|0x0000000089000000, 0x0000000089000000, 0x0000000089100000|  0%| F|  |TAMS 0x0000000089000000, 0x0000000089000000| Untracked 
| 119|0x0000000089100000, 0x0000000089100000, 0x0000000089200000|  0%| F|  |TAMS 0x0000000089100000, 0x0000000089100000| Untracked 
| 120|0x0000000089200000, 0x0000000089200000, 0x0000000089300000|  0%| F|  |TAMS 0x0000000089200000, 0x0000000089200000| Untracked 
| 121|0x0000000089300000, 0x0000000089300000, 0x0000000089400000|  0%| F|  |TAMS 0x0000000089300000, 0x0000000089300000| Untracked 
| 122|0x0000000089400000, 0x0000000089400000, 0x0000000089500000|  0%| F|  |TAMS 0x0000000089400000, 0x0000000089400000| Untracked 
| 123|0x0000000089500000, 0x0000000089500000, 0x0000000089600000|  0%| F|  |TAMS 0x0000000089500000, 0x0000000089500000| Untracked 
| 124|0x0000000089600000, 0x0000000089600000, 0x0000000089700000|  0%| F|  |TAMS 0x0000000089600000, 0x0000000089600000| Untracked 
| 125|0x0000000089700000, 0x000000008979d850, 0x0000000089800000| 61%| E|  |TAMS 0x0000000089700000, 0x0000000089700000| Complete 
| 126|0x0000000089800000, 0x0000000089900000, 0x0000000089900000|100%| E|CS|TAMS 0x0000000089800000, 0x0000000089800000| Complete 
| 127|0x0000000089900000, 0x0000000089a00000, 0x0000000089a00000|100%| E|CS|TAMS 0x0000000089900000, 0x0000000089900000| Complete 

Card table byte_map: [0x000001e9b2d40000,0x000001e9b3140000] _byte_map_base: 0x000001e9b2933000

Marking Bits (Prev, Next): (CMBitMap*) 0x000001e99c16e1a0, (CMBitMap*) 0x000001e99c16e1e0
 Prev Bits: [0x000001e9b3540000, 0x000001e9b54d8000)
 Next Bits: [0x000001e9b54e0000, 0x000001e9b7478000)

Polling page: 0x000001e99a120000

Metaspace:

Usage:
  Non-class:      7.21 MB used.
      Class:      1.02 MB used.
       Both:      8.23 MB used.

Virtual space:
  Non-class space:       16.00 MB reserved,       7.31 MB ( 46%) committed,  2 nodes.
      Class space:        1.00 GB reserved,       1.12 MB ( <1%) committed,  1 nodes.
             Both:        1.02 GB reserved,       8.44 MB ( <1%) committed. 

Chunk freelists:
   Non-Class:  3.41 MB
       Class:  2.71 MB
        Both:  6.12 MB

MaxMetaspaceSize: unlimited
CompressedClassSpaceSize: 1.00 GB
Initial GC threshold: 21.00 MB
Current GC threshold: 21.00 MB
CDS: on
MetaspaceReclaimPolicy: balanced
 - commit_granule_bytes: 65536.
 - commit_granule_words: 8192.
 - virtual_space_node_default_size: 1048576.
 - enlarge_chunks_in_place: 1.
 - new_chunks_are_fully_committed: 0.
 - uncommit_free_chunks: 1.
 - use_allocation_guard: 0.
 - handle_deallocations: 1.


Internal statistics:

num_allocs_failed_limit: 0.
num_arena_births: 152.
num_arena_deaths: 0.
num_vsnodes_births: 3.
num_vsnodes_deaths: 0.
num_space_committed: 135.
num_space_uncommitted: 0.
num_chunks_returned_to_freelist: 0.
num_chunks_taken_from_freelist: 399.
num_chunk_merges: 0.
num_chunk_splits: 279.
num_chunks_enlarged: 212.
num_purges: 0.
num_inconsistent_stats: 0.

CodeHeap 'non-profiled nmethods': size=120000Kb used=369Kb max_used=369Kb free=119630Kb
 bounds [0x000001e9ab410000, 0x000001e9ab680000, 0x000001e9b2940000]
CodeHeap 'profiled nmethods': size=120000Kb used=2082Kb max_used=2082Kb free=117918Kb
 bounds [0x000001e9a3ee0000, 0x000001e9a4150000, 0x000001e9ab410000]
CodeHeap 'non-nmethods': size=5760Kb used=1258Kb max_used=1272Kb free=4501Kb
 bounds [0x000001e9a3940000, 0x000001e9a3bb0000, 0x000001e9a3ee0000]
 total_blobs=1795 nmethods=1218 adapters=490
 compilation: enabled
              stopped_count=0, restarted_count=0
 full_count=0

Compilation events (20 events):
Event: 2.381 Thread 0x000001e9b996ae00 1209       3       java.lang.Byte::<init> (10 bytes)
Event: 2.382 Thread 0x000001e9b996ae00 nmethod 1209 0x000001e9a40e1f10 code [0x000001e9a40e20c0, 0x000001e9a40e2298]
Event: 2.382 Thread 0x000001e9b996ae00 1210       3       java.lang.Short::<init> (10 bytes)
Event: 2.382 Thread 0x000001e9b996ae00 nmethod 1210 0x000001e9a40e2390 code [0x000001e9a40e2540, 0x000001e9a40e2718]
Event: 2.388 Thread 0x000001e9b996ae00 1211       3       java.lang.invoke.LambdaFormBuffer::indexOf (33 bytes)
Event: 2.388 Thread 0x000001e9b996ae00 nmethod 1211 0x000001e9a40e2810 code [0x000001e9a40e29e0, 0x000001e9a40e2d98]
Event: 2.389 Thread 0x000001e9b996ae00 1212       3       java.lang.invoke.InvokerBytecodeGenerator::emitStoreResult (27 bytes)
Event: 2.389 Thread 0x000001e9b996ae00 nmethod 1212 0x000001e9a40e2e90 code [0x000001e9a40e3040, 0x000001e9a40e3228]
Event: 2.389 Thread 0x000001e9b996ae00 1213       3       java.lang.invoke.LambdaForm$NamedFunction::intrinsicName (21 bytes)
Event: 2.389 Thread 0x000001e9b996ae00 nmethod 1213 0x000001e9a40e3310 code [0x000001e9a40e34c0, 0x000001e9a40e3708]
Event: 2.389 Thread 0x000001e9b996ae00 1214       3       java.lang.invoke.LambdaForm$NamedFunction::member (26 bytes)
Event: 2.389 Thread 0x000001e9b996ae00 nmethod 1214 0x000001e9a40e3810 code [0x000001e9a40e39a0, 0x000001e9a40e3ab8]
Event: 2.389 Thread 0x000001e9b996ae00 1217       2       java.util.concurrent.ConcurrentHashMap::get (162 bytes)
Event: 2.390 Thread 0x000001e9b996ae00 nmethod 1217 0x000001e9a40e3b90 code [0x000001e9a40e3da0, 0x000001e9a40e42e8]
Event: 2.390 Thread 0x000001e9b996ae00 1215       3       java.lang.invoke.InvokerBytecodeGenerator::isStaticallyInvocable (165 bytes)
Event: 2.397 Thread 0x000001e9b996ae00 nmethod 1215 0x000001e9a40e4590 code [0x000001e9a40e49c0, 0x000001e9a40e6688]
Event: 2.397 Thread 0x000001e9b996ae00 1216       3       java.lang.invoke.MemberName::isPrivate (8 bytes)
Event: 2.397 Thread 0x000001e9b996ae00 nmethod 1216 0x000001e9a40e6e10 code [0x000001e9a40e6fa0, 0x000001e9a40e7178]
Event: 2.397 Thread 0x000001e9b996ae00 1219       3       java.lang.invoke.LambdaForm::editor (5 bytes)
Event: 2.398 Thread 0x000001e9b996ae00 nmethod 1219 0x000001e9a40e7210 code [0x000001e9a40e73e0, 0x000001e9a40e7708]

GC Heap History (4 events):
Event: 1.507 GC heap before
{Heap before GC invocations=0 (full 0):
 garbage-first heap   total 131072K, used 12288K [0x0000000081a00000, 0x0000000100000000)
  region size 1024K, 13 young (13312K), 0 survivors (0K)
 Metaspace       used 2762K, committed 2944K, reserved 1056768K
  class space    used 295K, committed 384K, reserved 1048576K
}
Event: 1.512 GC heap after
{Heap after GC invocations=1 (full 0):
 garbage-first heap   total 131072K, used 1632K [0x0000000081a00000, 0x0000000100000000)
  region size 1024K, 2 young (2048K), 2 survivors (2048K)
 Metaspace       used 2762K, committed 2944K, reserved 1056768K
  class space    used 295K, committed 384K, reserved 1048576K
}
Event: 2.124 GC heap before
{Heap before GC invocations=1 (full 0):
 garbage-first heap   total 131072K, used 18016K [0x0000000081a00000, 0x0000000100000000)
  region size 1024K, 19 young (19456K), 2 survivors (2048K)
 Metaspace       used 7856K, committed 8064K, reserved 1064960K
  class space    used 980K, committed 1024K, reserved 1048576K
}
Event: 2.133 GC heap after
{Heap after GC invocations=2 (full 0):
 garbage-first heap   total 131072K, used 4998K [0x0000000081a00000, 0x0000000100000000)
  region size 1024K, 3 young (3072K), 3 survivors (3072K)
 Metaspace       used 7856K, committed 8064K, reserved 1064960K
  class space    used 980K, committed 1024K, reserved 1048576K
}

Deoptimization events (20 events):
Event: 2.158 Thread 0x000001e9ba826ea0 Uncommon trap: trap_request=0xffffff45 fr.pc=0x000001e9ab45abc0 relative=0x0000000000000340
Event: 2.158 Thread 0x000001e9ba826ea0 Uncommon trap: reason=unstable_if action=reinterpret pc=0x000001e9ab45abc0 method=java.lang.StringUTF16.compress([CI[BII)I @ 20 c2
Event: 2.158 Thread 0x000001e9ba826ea0 DEOPT PACKING pc=0x000001e9ab45abc0 sp=0x000000dc712fd3c0
Event: 2.158 Thread 0x000001e9ba826ea0 DEOPT UNPACKING pc=0x000001e9a39923a3 sp=0x000000dc712fd340 mode 2
Event: 2.368 Thread 0x000001e9ba826ea0 Uncommon trap: trap_request=0xffffffc6 fr.pc=0x000001e9ab45f00c relative=0x00000000000005ac
Event: 2.368 Thread 0x000001e9ba826ea0 Uncommon trap: reason=bimorphic_or_optimized_type_check action=maybe_recompile pc=0x000001e9ab45f00c method=java.util.concurrent.ConcurrentHashMap.get(Ljava/lang/Object;)Ljava/lang/Object; @ 149 c2
Event: 2.368 Thread 0x000001e9ba826ea0 DEOPT PACKING pc=0x000001e9ab45f00c sp=0x000000dc712fd480
Event: 2.368 Thread 0x000001e9ba826ea0 DEOPT UNPACKING pc=0x000001e9a39923a3 sp=0x000000dc712fd420 mode 2
Event: 2.368 Thread 0x000001e9ba826ea0 Uncommon trap: trap_request=0xffffffc6 fr.pc=0x000001e9ab45f00c relative=0x00000000000005ac
Event: 2.368 Thread 0x000001e9ba826ea0 Uncommon trap: reason=bimorphic_or_optimized_type_check action=maybe_recompile pc=0x000001e9ab45f00c method=java.util.concurrent.ConcurrentHashMap.get(Ljava/lang/Object;)Ljava/lang/Object; @ 149 c2
Event: 2.368 Thread 0x000001e9ba826ea0 DEOPT PACKING pc=0x000001e9ab45f00c sp=0x000000dc712fd480
Event: 2.369 Thread 0x000001e9ba826ea0 DEOPT UNPACKING pc=0x000001e9a39923a3 sp=0x000000dc712fd420 mode 2
Event: 2.369 Thread 0x000001e9ba826ea0 Uncommon trap: trap_request=0xffffffc6 fr.pc=0x000001e9ab45f00c relative=0x00000000000005ac
Event: 2.369 Thread 0x000001e9ba826ea0 Uncommon trap: reason=bimorphic_or_optimized_type_check action=maybe_recompile pc=0x000001e9ab45f00c method=java.util.concurrent.ConcurrentHashMap.get(Ljava/lang/Object;)Ljava/lang/Object; @ 149 c2
Event: 2.369 Thread 0x000001e9ba826ea0 DEOPT PACKING pc=0x000001e9ab45f00c sp=0x000000dc712fd480
Event: 2.369 Thread 0x000001e9ba826ea0 DEOPT UNPACKING pc=0x000001e9a39923a3 sp=0x000000dc712fd420 mode 2
Event: 2.369 Thread 0x000001e9ba826ea0 Uncommon trap: trap_request=0xffffffc6 fr.pc=0x000001e9ab45f00c relative=0x00000000000005ac
Event: 2.369 Thread 0x000001e9ba826ea0 Uncommon trap: reason=bimorphic_or_optimized_type_check action=maybe_recompile pc=0x000001e9ab45f00c method=java.util.concurrent.ConcurrentHashMap.get(Ljava/lang/Object;)Ljava/lang/Object; @ 149 c2
Event: 2.369 Thread 0x000001e9ba826ea0 DEOPT PACKING pc=0x000001e9ab45f00c sp=0x000000dc712fd480
Event: 2.369 Thread 0x000001e9ba826ea0 DEOPT UNPACKING pc=0x000001e9a39923a3 sp=0x000000dc712fd420 mode 2

Classes unloaded (0 events):
No events

Classes redefined (0 events):
No events

Internal exceptions (20 events):
Event: 0.923 Thread 0x000001e99c12e710 Exception <a 'java/lang/NoSuchMethodError'{0x00000000893ca770}: 'java.lang.Object java.lang.invoke.DirectMethodHandle$Holder.invokeStaticInit(java.lang.Object)'> (0x00000000893ca770) 
thrown [t:\workspace\open\src\hotspot\share\interpreter\linkResolver.cpp, line 766]
Event: 0.930 Thread 0x000001e99c12e710 Exception <a 'java/lang/NoSuchMethodError'{0x00000000893d8ea0}: 'void java.lang.invoke.DirectMethodHandle$Holder.invokeStatic(java.lang.Object, java.lang.Object)'> (0x00000000893d8ea0) 
thrown [t:\workspace\open\src\hotspot\share\interpreter\linkResolver.cpp, line 766]
Event: 1.343 Thread 0x000001e99c12e710 Exception <a 'java/lang/NoSuchMethodError'{0x0000000088f2b6b0}: 'void java.lang.invoke.DirectMethodHandle$Holder.invokeSpecial(java.lang.Object, java.lang.Object, java.lang.Object)'> (0x0000000088f2b6b0) 
thrown [t:\workspace\open\src\hotspot\share\interpreter\linkResolver.cpp, line 766]
Event: 1.368 Thread 0x000001e99c12e710 Exception <a 'java/lang/NoSuchMethodError'{0x0000000088f626a0}: 'void java.lang.invoke.DirectMethodHandle$Holder.invokeStatic(java.lang.Object, java.lang.Object, java.lang.Object)'> (0x0000000088f626a0) 
thrown [t:\workspace\open\src\hotspot\share\interpreter\linkResolver.cpp, line 766]
Event: 1.414 Thread 0x000001e99c12e710 Exception <a 'java/lang/NoSuchMethodError'{0x0000000088f7f010}: 'int java.lang.invoke.DirectMethodHandle$Holder.invokeStaticInit(java.lang.Object, java.lang.Object, java.lang.Object)'> (0x0000000088f7f010) 
thrown [t:\workspace\open\src\hotspot\share\interpreter\linkResolver.cpp, line 766]
Event: 1.448 Thread 0x000001e99c12e710 Exception <a 'java/lang/NoSuchMethodError'{0x0000000088eaa480}: 'java.lang.Object java.lang.invoke.DirectMethodHandle$Holder.newInvokeSpecial(java.lang.Object, java.lang.Object, int, java.lang.Object)'> (0x0000000088eaa480) 
thrown [t:\workspace\open\src\hotspot\share\interpreter\linkResolver.cpp, line 766]
Event: 1.449 Thread 0x000001e99c12e710 Exception <a 'java/lang/NoSuchMethodError'{0x0000000088eae860}: 'java.lang.Object java.lang.invoke.DirectMethodHandle$Holder.invokeSpecial(java.lang.Object, java.lang.Object, java.lang.Object, int, java.lang.Object)'> (0x0000000088eae860) 
thrown [t:\workspace\open\src\hotspot\share\interpreter\linkResolver.cpp, line 766]
Event: 1.553 Thread 0x000001e9ba826ea0 Exception <a 'java/lang/NoSuchMethodError'{0x0000000089878358}: 'void java.lang.invoke.DirectMethodHandle$Holder.invokeStaticInit(java.lang.Object)'> (0x0000000089878358) 
thrown [t:\workspace\open\src\hotspot\share\interpreter\linkResolver.cpp, line 766]
Event: 1.559 Thread 0x000001e99c12e710 Exception <a 'java/lang/NoSuchMethodError'{0x000000008988d860}: 'java.lang.Object java.lang.invoke.DirectMethodHandle$Holder.newInvokeSpecial(java.lang.Object, java.lang.Object, java.lang.Object, java.lang.Object, java.lang.Object, java.lang.Object)'> (0x000000008988d860) 
thrown [t:\workspace\open\src\hotspot\share\interpreter\linkResolver.cpp, line 766]
Event: 1.603 Thread 0x000001e99c12e710 Exception <a 'java/lang/NoSuchMethodError'{0x00000000898bde38}: 'java.lang.Object java.lang.invoke.DirectMethodHandle$Holder.newInvokeSpecial(java.lang.Object, java.lang.Object, java.lang.Object, java.lang.Object, java.lang.Object)'> (0x00000000898bde38) 
thrown [t:\workspace\open\src\hotspot\share\interpreter\linkResolver.cpp, line 766]
Event: 1.606 Thread 0x000001e9bb062590 Exception <a 'java/lang/NoSuchMethodError'{0x000000008979d1b0}: 'void java.lang.invoke.DirectMethodHandle$Holder.invokeStatic(java.lang.Object, java.lang.Object, java.lang.Object, java.lang.Object)'> (0x000000008979d1b0) 
thrown [t:\workspace\open\src\hotspot\share\interpreter\linkResolver.cpp, line 766]
Event: 1.696 Thread 0x000001e9ba826ea0 Exception <a 'sun/nio/fs/WindowsException'{0x00000000895d9b60}> (0x00000000895d9b60) 
thrown [t:\workspace\open\src\hotspot\share\prims\jni.cpp, line 516]
Event: 1.801 Thread 0x000001e9ba826ea0 Exception <a 'java/lang/NoSuchMethodError'{0x000000008914fb10}: 'java.lang.Object java.lang.invoke.DirectMethodHandle$Holder.invokeStaticInit(java.lang.Object, java.lang.Object, java.lang.Object, java.lang.Object)'> (0x000000008914fb10) 
thrown [t:\workspace\open\src\hotspot\share\interpreter\linkResolver.cpp, line 766]
Event: 1.803 Thread 0x000001e9ba826ea0 Exception <a 'java/lang/NullPointerException'{0x000000008915b768}> (0x000000008915b768) 
thrown [t:\workspace\open\src\hotspot\share\interpreter\linkResolver.cpp, line 1357]
Event: 1.875 Thread 0x000001e9ba826ea0 Exception <a 'java/lang/ClassNotFoundException'{0x0000000088fab3f8}: com/sun/glass/ui/win/themes> (0x0000000088fab3f8) 
thrown [t:\workspace\open\src\hotspot\share\prims\jni.cpp, line 535]
Event: 1.876 Thread 0x000001e9ba826ea0 Exception <a 'java/lang/ClassNotFoundException'{0x0000000088fb7830}: com/sun/glass/ui/win/themes_fr> (0x0000000088fb7830) 
thrown [t:\workspace\open\src\hotspot\share\prims\jni.cpp, line 535]
Event: 1.877 Thread 0x000001e9ba826ea0 Exception <a 'java/lang/ClassNotFoundException'{0x0000000088fc0280}: com/sun/glass/ui/win/themes_fr_FR> (0x0000000088fc0280) 
thrown [t:\workspace\open\src\hotspot\share\prims\jni.cpp, line 535]
Event: 2.043 Thread 0x000001e9ba826ea0 Exception <a 'java/lang/NoSuchMethodError'{0x00000000888b8728}: 'void java.lang.invoke.DirectMethodHandle$Holder.invokeStaticInit(java.lang.Object, java.lang.Object)'> (0x00000000888b8728) 
thrown [t:\workspace\open\src\hotspot\share\interpreter\linkResolver.cpp, line 766]
Event: 2.052 Thread 0x000001e9ba826ea0 Exception <a 'java/lang/NoSuchMethodError'{0x0000000088713b30}: 'void java.lang.invoke.DirectMethodHandle$Holder.invokeSpecial(java.lang.Object, java.lang.Object, java.lang.Object, java.lang.Object, java.lang.Object)'> (0x0000000088713b30) 
thrown [t:\workspace\open\src\hotspot\share\interpreter\linkResolver.cpp, line 766]
Event: 2.078 Thread 0x000001e9ba826ea0 Exception <a 'sun/nio/fs/WindowsException'{0x00000000887a27c8}> (0x00000000887a27c8) 
thrown [t:\workspace\open\src\hotspot\share\prims\jni.cpp, line 516]

VM Operations (14 events):
Event: 0.829 Executing VM operation: HandshakeAllThreads
Event: 0.829 Executing VM operation: HandshakeAllThreads done
Event: 1.434 Executing VM operation: HandshakeAllThreads
Event: 1.434 Executing VM operation: HandshakeAllThreads done
Event: 1.434 Executing VM operation: Cleanup
Event: 1.434 Executing VM operation: Cleanup done
Event: 1.507 Executing VM operation: G1CollectForAllocation
Event: 1.512 Executing VM operation: G1CollectForAllocation done
Event: 1.917 Executing VM operation: HandshakeAllThreads
Event: 1.917 Executing VM operation: HandshakeAllThreads done
Event: 2.124 Executing VM operation: G1CollectForAllocation
Event: 2.133 Executing VM operation: G1CollectForAllocation done
Event: 2.399 Executing VM operation: HandshakeAllThreads
Event: 2.399 Executing VM operation: HandshakeAllThreads done

Events (20 events):
Event: 2.332 loading class sun/reflect/generics/reflectiveObjects/LazyReflectiveObjectGenerator done
Event: 2.332 loading class sun/reflect/generics/reflectiveObjects/TypeVariableImpl done
Event: 2.341 loading class java/lang/annotation/Documented
Event: 2.341 loading class java/lang/annotation/Documented done
Event: 2.344 loading class java/lang/reflect/UndeclaredThrowableException
Event: 2.344 loading class java/lang/reflect/UndeclaredThrowableException done
Event: 2.372 loading class jdk/internal/reflect/BootstrapConstructorAccessorImpl
Event: 2.372 loading class jdk/internal/reflect/BootstrapConstructorAccessorImpl done
Event: 2.375 loading class jdk/internal/reflect/UnsafeFieldAccessorFactory
Event: 2.375 loading class jdk/internal/reflect/UnsafeFieldAccessorFactory done
Event: 2.375 loading class jdk/internal/reflect/UnsafeObjectFieldAccessorImpl
Event: 2.375 loading class jdk/internal/reflect/UnsafeObjectFieldAccessorImpl done
Event: 2.381 loading class java/lang/Byte$ByteCache
Event: 2.381 loading class java/lang/Byte$ByteCache done
Event: 2.381 loading class java/lang/Short$ShortCache
Event: 2.382 loading class java/lang/Short$ShortCache done
Event: 2.398 loading class java/util/LinkedHashMap$LinkedKeySet
Event: 2.398 loading class java/util/LinkedHashMap$LinkedKeySet done
Event: 2.398 loading class java/util/LinkedHashMap$LinkedKeyIterator
Event: 2.398 loading class java/util/LinkedHashMap$LinkedKeyIterator done


Dynamic libraries:
0x00007ff65e4d0000 - 0x00007ff65e4e0000 	C:\Program Files\Java\jdk-17.0.1\bin\javaw.exe
0x00007ffb65410000 - 0x00007ffb65605000 	C:\WINDOWS\SYSTEM32\ntdll.dll
0x00007ffb635f0000 - 0x00007ffb636ad000 	C:\WINDOWS\System32\KERNEL32.DLL
0x00007ffb62b80000 - 0x00007ffb62e4d000 	C:\WINDOWS\System32\KERNELBASE.dll
0x00007ffb63150000 - 0x00007ffb63250000 	C:\WINDOWS\System32\ucrtbase.dll
0x00007ffb3a3f0000 - 0x00007ffb3a408000 	C:\Program Files\Java\jdk-17.0.1\bin\jli.dll
0x00007ffb63950000 - 0x00007ffb639fe000 	C:\WINDOWS\System32\ADVAPI32.dll
0x00007ffb63c60000 - 0x00007ffb63cfe000 	C:\WINDOWS\System32\msvcrt.dll
0x00007ffb63a10000 - 0x00007ffb63aac000 	C:\WINDOWS\System32\sechost.dll
0x00007ffb652a0000 - 0x00007ffb653c5000 	C:\WINDOWS\System32\RPCRT4.dll
0x00007ffb63780000 - 0x00007ffb63920000 	C:\WINDOWS\System32\USER32.dll
0x00007ffb62b20000 - 0x00007ffb62b42000 	C:\WINDOWS\System32\win32u.dll
0x00007ffb65270000 - 0x00007ffb6529a000 	C:\WINDOWS\System32\GDI32.dll
0x00007ffb62e50000 - 0x00007ffb62f5b000 	C:\WINDOWS\System32\gdi32full.dll
0x00007ffb632a0000 - 0x00007ffb6333d000 	C:\WINDOWS\System32\msvcp_win.dll
0x00007ffb50e10000 - 0x00007ffb50e2a000 	C:\Program Files\Java\jdk-17.0.1\bin\VCRUNTIME140.dll
0x00007ffb61b20000 - 0x00007ffb61dba000 	C:\WINDOWS\WinSxS\amd64_microsoft.windows.common-controls_6595b64144ccf1df_6.0.19041.1110_none_60b5254171f9507e\COMCTL32.dll
0x00007ffb59c60000 - 0x00007ffb59c6a000 	C:\WINDOWS\SYSTEM32\VERSION.dll
0x00007ffb63920000 - 0x00007ffb63950000 	C:\WINDOWS\System32\IMM32.DLL
0x00007ffb3dc80000 - 0x00007ffb3dc8c000 	C:\Program Files\Java\jdk-17.0.1\bin\vcruntime140_1.dll
0x00007ffb22bb0000 - 0x00007ffb22c3d000 	C:\Program Files\Java\jdk-17.0.1\bin\msvcp140.dll
0x00007ffb178e0000 - 0x00007ffb1849e000 	C:\Program Files\Java\jdk-17.0.1\bin\server\jvm.dll
0x00007ffb63ab0000 - 0x00007ffb63ab8000 	C:\WINDOWS\System32\PSAPI.DLL
0x00007ffb4d7f0000 - 0x00007ffb4d7f9000 	C:\WINDOWS\SYSTEM32\WSOCK32.dll
0x00007ffb651a0000 - 0x00007ffb6520b000 	C:\WINDOWS\System32\WS2_32.dll
0x00007ffb548e0000 - 0x00007ffb54907000 	C:\WINDOWS\SYSTEM32\WINMM.dll
0x00007ffb60400000 - 0x00007ffb60412000 	C:\WINDOWS\SYSTEM32\kernel.appcore.dll
0x00007ffb3c230000 - 0x00007ffb3c23a000 	C:\Program Files\Java\jdk-17.0.1\bin\jimage.dll
0x00007ffb624d0000 - 0x00007ffb626b4000 	C:\WINDOWS\SYSTEM32\DBGHELP.DLL
0x00007ffb620d0000 - 0x00007ffb620fc000 	C:\WINDOWS\SYSTEM32\dbgcore.DLL
0x00007ffb62f60000 - 0x00007ffb62fe2000 	C:\WINDOWS\System32\bcryptPrimitives.dll
0x00007ffb330b0000 - 0x00007ffb330d5000 	C:\Program Files\Java\jdk-17.0.1\bin\java.dll
0x00007ffb209a0000 - 0x00007ffb20a76000 	C:\Program Files\Java\jdk-17.0.1\bin\svml.dll
0x00007ffb63e60000 - 0x00007ffb645a4000 	C:\WINDOWS\System32\SHELL32.dll
0x00007ffb60600000 - 0x00007ffb60d94000 	C:\WINDOWS\SYSTEM32\windows.storage.dll
0x00007ffb649c0000 - 0x00007ffb64d14000 	C:\WINDOWS\System32\combase.dll
0x00007ffb62100000 - 0x00007ffb6212c000 	C:\WINDOWS\SYSTEM32\Wldp.dll
0x00007ffb63bb0000 - 0x00007ffb63c5d000 	C:\WINDOWS\System32\SHCORE.dll
0x00007ffb64960000 - 0x00007ffb649b5000 	C:\WINDOWS\System32\shlwapi.dll
0x00007ffb62a60000 - 0x00007ffb62a7f000 	C:\WINDOWS\SYSTEM32\profapi.dll
0x00007ffb39cf0000 - 0x00007ffb39d09000 	C:\Program Files\Java\jdk-17.0.1\bin\net.dll
0x00007ffb52f40000 - 0x00007ffb5304a000 	C:\WINDOWS\SYSTEM32\WINHTTP.dll
0x00007ffb61e50000 - 0x00007ffb61eba000 	C:\WINDOWS\system32\mswsock.dll
0x00007ffb39100000 - 0x00007ffb39115000 	C:\Program Files\Java\jdk-17.0.1\bin\nio.dll
0x00007ffb30e40000 - 0x00007ffb30e58000 	C:\Program Files\Java\jdk-17.0.1\bin\zip.dll
0x000001e99c090000 - 0x000001e99c093000 	C:\Program Files\Java\javafx-sdk-18.0.1\bin\api-ms-win-core-console-l1-1-0.dll
0x000001e99c0a0000 - 0x000001e99c0a3000 	C:\Program Files\Java\javafx-sdk-18.0.1\bin\api-ms-win-core-console-l1-2-0.dll
0x000001e99c0b0000 - 0x000001e99c0b3000 	C:\Program Files\Java\javafx-sdk-18.0.1\bin\api-ms-win-core-datetime-l1-1-0.dll
0x000001e99c0c0000 - 0x000001e99c0c3000 	C:\Program Files\Java\javafx-sdk-18.0.1\bin\api-ms-win-core-debug-l1-1-0.dll
0x000001e99c0d0000 - 0x000001e99c0d3000 	C:\Program Files\Java\javafx-sdk-18.0.1\bin\api-ms-win-core-errorhandling-l1-1-0.dll
0x000001e99c0e0000 - 0x000001e99c0e4000 	C:\Program Files\Java\javafx-sdk-18.0.1\bin\api-ms-win-core-file-l1-1-0.dll
0x000001e99c0f0000 - 0x000001e99c0f3000 	C:\Program Files\Java\javafx-sdk-18.0.1\bin\api-ms-win-core-file-l1-2-0.dll
0x000001e99c100000 - 0x000001e99c103000 	C:\Program Files\Java\javafx-sdk-18.0.1\bin\api-ms-win-core-file-l2-1-0.dll
0x000001e9b9ae0000 - 0x000001e9b9ae3000 	C:\Program Files\Java\javafx-sdk-18.0.1\bin\api-ms-win-core-handle-l1-1-0.dll
0x000001e9b9af0000 - 0x000001e9b9af3000 	C:\Program Files\Java\javafx-sdk-18.0.1\bin\api-ms-win-core-heap-l1-1-0.dll
0x000001e9b9b00000 - 0x000001e9b9b03000 	C:\Program Files\Java\javafx-sdk-18.0.1\bin\api-ms-win-core-interlocked-l1-1-0.dll
0x000001e9b9b10000 - 0x000001e9b9b13000 	C:\Program Files\Java\javafx-sdk-18.0.1\bin\api-ms-win-core-libraryloader-l1-1-0.dll
0x000001e9b9b20000 - 0x000001e9b9b23000 	C:\Program Files\Java\javafx-sdk-18.0.1\bin\api-ms-win-core-localization-l1-2-0.dll
0x000001e9b9b30000 - 0x000001e9b9b33000 	C:\Program Files\Java\javafx-sdk-18.0.1\bin\api-ms-win-core-memory-l1-1-0.dll
0x000001e9b9b40000 - 0x000001e9b9b43000 	C:\Program Files\Java\javafx-sdk-18.0.1\bin\api-ms-win-core-namedpipe-l1-1-0.dll
0x000001e9b9b50000 - 0x000001e9b9b53000 	C:\Program Files\Java\javafx-sdk-18.0.1\bin\api-ms-win-core-processenvironment-l1-1-0.dll
0x000001e9b9b60000 - 0x000001e9b9b63000 	C:\Program Files\Java\javafx-sdk-18.0.1\bin\api-ms-win-core-processthreads-l1-1-0.dll
0x000001e9b9b70000 - 0x000001e9b9b73000 	C:\Program Files\Java\javafx-sdk-18.0.1\bin\api-ms-win-core-processthreads-l1-1-1.dll
0x000001e9b9b80000 - 0x000001e9b9b83000 	C:\Program Files\Java\javafx-sdk-18.0.1\bin\api-ms-win-core-profile-l1-1-0.dll
0x000001e9b9b90000 - 0x000001e9b9b93000 	C:\Program Files\Java\javafx-sdk-18.0.1\bin\api-ms-win-core-rtlsupport-l1-1-0.dll
0x000001e9b9ba0000 - 0x000001e9b9ba3000 	C:\Program Files\Java\javafx-sdk-18.0.1\bin\api-ms-win-core-string-l1-1-0.dll
0x000001e9b9bb0000 - 0x000001e9b9bb3000 	C:\Program Files\Java\javafx-sdk-18.0.1\bin\api-ms-win-core-synch-l1-1-0.dll
0x000001e9b9bc0000 - 0x000001e9b9bc3000 	C:\Program Files\Java\javafx-sdk-18.0.1\bin\api-ms-win-core-synch-l1-2-0.dll
0x000001e9b9bd0000 - 0x000001e9b9bd3000 	C:\Program Files\Java\javafx-sdk-18.0.1\bin\api-ms-win-core-sysinfo-l1-1-0.dll
0x000001e9b9be0000 - 0x000001e9b9be3000 	C:\Program Files\Java\javafx-sdk-18.0.1\bin\api-ms-win-core-timezone-l1-1-0.dll
0x000001e9b9bf0000 - 0x000001e9b9bf3000 	C:\Program Files\Java\javafx-sdk-18.0.1\bin\api-ms-win-core-util-l1-1-0.dll
0x000001e9bc210000 - 0x000001e9bc213000 	C:\Program Files\Java\javafx-sdk-18.0.1\bin\api-ms-win-crt-conio-l1-1-0.dll
0x000001e9bc220000 - 0x000001e9bc224000 	C:\Program Files\Java\javafx-sdk-18.0.1\bin\api-ms-win-crt-convert-l1-1-0.dll
0x000001e9bc230000 - 0x000001e9bc233000 	C:\Program Files\Java\javafx-sdk-18.0.1\bin\api-ms-win-crt-environment-l1-1-0.dll
0x000001e9bc240000 - 0x000001e9bc243000 	C:\Program Files\Java\javafx-sdk-18.0.1\bin\api-ms-win-crt-filesystem-l1-1-0.dll
0x000001e9bc250000 - 0x000001e9bc253000 	C:\Program Files\Java\javafx-sdk-18.0.1\bin\api-ms-win-crt-heap-l1-1-0.dll
0x000001e9bc260000 - 0x000001e9bc263000 	C:\Program Files\Java\javafx-sdk-18.0.1\bin\api-ms-win-crt-locale-l1-1-0.dll
0x000001e9bc270000 - 0x000001e9bc275000 	C:\Program Files\Java\javafx-sdk-18.0.1\bin\api-ms-win-crt-math-l1-1-0.dll
0x000001e9bc280000 - 0x000001e9bc285000 	C:\Program Files\Java\javafx-sdk-18.0.1\bin\api-ms-win-crt-multibyte-l1-1-0.dll
0x000001e9bc290000 - 0x000001e9bc2a0000 	C:\Program Files\Java\javafx-sdk-18.0.1\bin\api-ms-win-crt-private-l1-1-0.dll
0x000001e9bc2a0000 - 0x000001e9bc2a3000 	C:\Program Files\Java\javafx-sdk-18.0.1\bin\api-ms-win-crt-process-l1-1-0.dll
0x000001e9bc2b0000 - 0x000001e9bc2b4000 	C:\Program Files\Java\javafx-sdk-18.0.1\bin\api-ms-win-crt-runtime-l1-1-0.dll
0x000001e9bc2c0000 - 0x000001e9bc2c4000 	C:\Program Files\Java\javafx-sdk-18.0.1\bin\api-ms-win-crt-stdio-l1-1-0.dll
0x000001e9bc2d0000 - 0x000001e9bc2d4000 	C:\Program Files\Java\javafx-sdk-18.0.1\bin\api-ms-win-crt-string-l1-1-0.dll
0x000001e9bc2e0000 - 0x000001e9bc2e3000 	C:\Program Files\Java\javafx-sdk-18.0.1\bin\api-ms-win-crt-time-l1-1-0.dll
0x000001e9bc2f0000 - 0x000001e9bc2f3000 	C:\Program Files\Java\javafx-sdk-18.0.1\bin\api-ms-win-crt-utility-l1-1-0.dll
0x00007ffb30f50000 - 0x00007ffb3104c000 	C:\Program Files\Java\javafx-sdk-18.0.1\bin\ucrtbase.dll
0x00007ffb50f50000 - 0x00007ffb50f6a000 	C:\Program Files\Java\javafx-sdk-18.0.1\bin\vcruntime140.dll
0x00007ffb50fa0000 - 0x00007ffb50fac000 	C:\Program Files\Java\javafx-sdk-18.0.1\bin\vcruntime140_1.dll
0x00007ffb30ec0000 - 0x00007ffb30f4d000 	C:\Program Files\Java\javafx-sdk-18.0.1\bin\msvcp140.dll
0x00007ffb4fbf0000 - 0x00007ffb4fc1c000 	C:\Program Files\Java\javafx-sdk-18.0.1\bin\prism_d3d.dll
0x00007ffb3fe90000 - 0x00007ffb4005f000 	C:\WINDOWS\system32\d3d9.dll
0x00007ffb601f0000 - 0x00007ffb6021f000 	C:\WINDOWS\SYSTEM32\dwmapi.dll
0x00007ffb60100000 - 0x00007ffb6019e000 	C:\WINDOWS\system32\uxtheme.dll
0x00007ffb0b2c0000 - 0x00007ffb0d7fe000 	C:\WINDOWS\SYSTEM32\igdumdim64.dll
0x00007ffb636b0000 - 0x00007ffb6377d000 	C:\WINDOWS\System32\OLEAUT32.dll
0x00007ffb634c0000 - 0x00007ffb635ea000 	C:\WINDOWS\System32\ole32.dll
0x00007ffb64d20000 - 0x00007ffb65191000 	C:\WINDOWS\System32\SETUPAPI.dll
0x00007ffb63250000 - 0x00007ffb6329e000 	C:\WINDOWS\System32\cfgmgr32.dll
0x00007ffb62b50000 - 0x00007ffb62b77000 	C:\WINDOWS\System32\bcrypt.dll
0x00007ffb23860000 - 0x00007ffb238a2000 	C:\Program Files\Java\javafx-sdk-18.0.1\bin\glass.dll
0x00007ffb645b0000 - 0x00007ffb6468b000 	C:\WINDOWS\System32\COMDLG32.dll
0x00007ffb64840000 - 0x00007ffb64955000 	C:\WINDOWS\System32\MSCTF.dll
0x00007ffb56c00000 - 0x00007ffb5763f000 	C:\WINDOWS\SYSTEM32\igdusc64.dll
0x00007ffb58b40000 - 0x00007ffb58b7b000 	C:\WINDOWS\SYSTEM32\dxcore.dll
0x00007ffb50e40000 - 0x00007ffb50e54000 	C:\Program Files\Java\javafx-sdk-18.0.1\bin\javafx_font.dll
0x00007ffb521b0000 - 0x00007ffb5242f000 	C:\WINDOWS\SYSTEM32\dwrite.dll

dbghelp: loaded successfully - version: 4.0.5 - missing functions: none
symbol engine: initialized successfully - sym options: 0x614 - pdb path: .;C:\Program Files\Java\jdk-17.0.1\bin;C:\WINDOWS\SYSTEM32;C:\WINDOWS\WinSxS\amd64_microsoft.windows.common-controls_6595b64144ccf1df_6.0.19041.1110_none_60b5254171f9507e;C:\Program Files\Java\jdk-17.0.1\bin\server;C:\Program Files\Java\javafx-sdk-18.0.1\bin

VM Arguments:
jvm_args: -Dfile.encoding=Cp1252 --module-path=C:\Users\PRINCESSE\eclipse-workspace\GestionBancaire\bin;C:\Program Files\Java\javafx-sdk-18.0.1\lib\javafx-swt.jar;C:\Program Files\Java\javafx-sdk-18.0.1\lib\javafx.base.jar;C:\Program Files\Java\javafx-sdk-18.0.1\lib\javafx.controls.jar;C:\Program Files\Java\javafx-sdk-18.0.1\lib\javafx.fxml.jar;C:\Program Files\Java\javafx-sdk-18.0.1\lib\javafx.graphics.jar;C:\Program Files\Java\javafx-sdk-18.0.1\lib\javafx.media.jar;C:\Program Files\Java\javafx-sdk-18.0.1\lib\javafx.swing.jar;C:\Program Files\Java\javafx-sdk-18.0.1\lib\javafx.web.jar;C:\Users\PRINCESSE\.p2\pool\plugins\org.eclipse.fx.ide.css.jfx8_3.7.0.202010120832.jar -XX:+ShowCodeDetailsInExceptionMessages -Djdk.module.main=GestionBancaire 
java_command: GestionBancaire/application.Main
java_class_path (initial): C:\Program Files\Java\mysql-connector-java-8.0.29\mysql-connector-java-8.0.29.jar
Launcher Type: SUN_STANDARD

[Global flags]
     intx CICompilerCount                          = 3                                         {product} {ergonomic}
     uint ConcGCThreads                            = 1                                         {product} {ergonomic}
     uint G1ConcRefinementThreads                  = 4                                         {product} {ergonomic}
   size_t G1HeapRegionSize                         = 1048576                                   {product} {ergonomic}
    uintx GCDrainStackTargetSize                   = 64                                        {product} {ergonomic}
   size_t InitialHeapSize                          = 134217728                                 {product} {ergonomic}
   size_t MarkStackSize                            = 4194304                                   {product} {ergonomic}
   size_t MaxHeapSize                              = 2120220672                                {product} {ergonomic}
   size_t MaxNewSize                               = 1271922688                                {product} {ergonomic}
   size_t MinHeapDeltaBytes                        = 1048576                                   {product} {ergonomic}
   size_t MinHeapSize                              = 8388608                                   {product} {ergonomic}
    uintx NonNMethodCodeHeapSize                   = 5832780                                {pd product} {ergonomic}
    uintx NonProfiledCodeHeapSize                  = 122912730                              {pd product} {ergonomic}
    uintx ProfiledCodeHeapSize                     = 122912730                              {pd product} {ergonomic}
    uintx ReservedCodeCacheSize                    = 251658240                              {pd product} {ergonomic}
     bool SegmentedCodeCache                       = true                                      {product} {ergonomic}
     bool ShowCodeDetailsInExceptionMessages       = true                                   {manageable} {command line}
   size_t SoftMaxHeapSize                          = 2120220672                             {manageable} {ergonomic}
     bool UseCompressedClassPointers               = true                           {product lp64_product} {ergonomic}
     bool UseCompressedOops                        = true                           {product lp64_product} {ergonomic}
     bool UseG1GC                                  = true                                      {product} {ergonomic}
     bool UseLargePagesIndividualAllocation        = false                                  {pd product} {ergonomic}

Logging:
Log output configuration:
 #0: stdout all=warning uptime,level,tags
 #1: stderr all=off uptime,level,tags

Environment Variables:
JAVA_HOME=C:\Program Files\Java\jdk-17.0.1
PATH=C:\Program Files (x86)\VMware\VMware Workstation\bin\;C:\Program Files\Common Files\Oracle\Java\javapath;C:\WINDOWS\system32;C:\WINDOWS;C:\WINDOWS\System32\Wbem;C:\WINDOWS\System32\WindowsPowerShell\v1.0\;C:\WINDOWS\System32\OpenSSH\;C:\Program Files\Intel\WiFi\bin\;C:\Program Files\Common Files\Intel\WirelessCommon\;C:\MinGW\bin;C:\Program Files\Java\jdk-15.0.2\bin;C:\Program Files\Git\cmd;C:\Program Files\dotnet\;C:\Program Files\Symfony;C:\PHP8;C:\ProgramData\ComposerSetup\bin;C:\ProgramData\chocolatey\bin;C:\Program Files\nodejs\;C:\Program Files\Java\jdk-17.0.1\bin;C:\Users\PRINCESSE\AppData\Local\Programs\Python\Python39\Scripts\;C:\Users\PRINCESSE\AppData\Local\Programs\Python\Python39\;C:\Users\PRINCESSE\anaconda3;C:\Users\PRINCESSE\anaconda3\Library\mingw-w64\bin;C:\Users\PRINCESSE\anaconda3\Library\usr\bin;C:\Users\PRINCESSE\anaconda3\Library\bin;C:\Users\PRINCESSE\anaconda3\Scripts;C:\Users\PRINCESSE\AppData\Local\Microsoft\WindowsApps;C:\Users\PRINCESSE\AppData\Local\Programs\Microsoft VS Code\bin;C:\Program Files\JetBrains\PyCharm Community Edition 2021.1.2\bin;;C:\Program Files\Java\jdk-17.0.1\bin;C:\Program Files\Intel\WiFi\bin\;C:\Program Files\Common Files\Intel\WirelessCommon\;C:\Users\PRINCESSE\.dotnet\tools;C:\PHP8;C:\php7;C:\Users\PRINCESSE\AppData\Roaming\Composer\vendor\bin;C:\Users\PRINCESSE\AppData\Roaming\npm;
USERNAME=PRINCESSE
OS=Windows_NT
PROCESSOR_IDENTIFIER=Intel64 Family 6 Model 61 Stepping 4, GenuineIntel



---------------  S Y S T E M  ---------------

OS:
 Windows 10 , 64 bit Build 19041 (10.0.19041.1706)
OS uptime: 0 days 9:52 hours

CPU: total 4 (initial active 4) (2 cores per cpu, 2 threads per core) family 6 model 61 stepping 4 microcode 0x2f, cx8, cmov, fxsr, ht, mmx, 3dnowpref, sse, sse2, sse3, ssse3, sse4.1, sse4.2, popcnt, lzcnt, tsc, tscinvbit, avx, avx2, aes, erms, clmul, bmi1, bmi2, adx, fma, vzeroupper, clflush

Memory: 4k page, system-wide physical 8083M (2213M free)
TotalPageFile size 9989M (AvailPageFile size 0M)
current process WorkingSet (physical memory assigned to process): 107M, peak: 107M
current process commit charge ("private bytes"): 261M, peak: 261M

vm_info: Java HotSpot(TM) 64-Bit Server VM (17.0.1+12-LTS-39) for windows-amd64 JRE (17.0.1+12-LTS-39), built on Sep 27 2021 18:41:35 by "mach5one" with MS VC++ 16.8 (VS2019)

END.
