#
# There is insufficient memory for the Java Runtime Environment to continue.
# Native memory allocation (malloc) failed to allocate 248880 bytes for Chunk::new
# Possible reasons:
#   The system is out of physical RAM or swap space
#   The process is running with CompressedOops enabled, and the Java Heap may be blocking the growth of the native heap
# Possible solutions:
#   Reduce memory load on the system
#   Increase physical memory or swap space
#   Check if swap backing store is full
#   Decrease Java heap size (-Xmx/-Xms)
#   Decrease number of Java threads
#   Decrease Java thread stack sizes (-Xss)
#   Set larger code cache with -XX:ReservedCodeCacheSize=
#   JVM is running with Unscaled Compressed Oops mode in which the Java heap is
#     placed in the first 4GB address space. The Java Heap base address is the
#     maximum limit for the native heap growth. Please use -XX:HeapBaseMinAddress
#     to set the Java Heap base and to place the Java Heap above 4GB virtual address.
# This output file may be truncated or incomplete.
#
#  Out of Memory Error (arena.cpp:189), pid=6692, tid=7672
#
# JRE version: Java(TM) SE Runtime Environment (17.0.1+12) (build 17.0.1+12-LTS-39)
# Java VM: Java HotSpot(TM) 64-Bit Server VM (17.0.1+12-LTS-39, mixed mode, sharing, tiered, compressed oops, compressed class ptrs, g1 gc, windows-amd64)
# No core dump will be written. Minidumps are not enabled by default on client versions of Windows
#

---------------  S U M M A R Y ------------

Command Line: -Dfile.encoding=Cp1252 --module-path=C:\Users\PRINCESSE\eclipse-workspace\GestionBancaire\bin;C:\Program Files\Java\javafx-sdk-18.0.1\lib\javafx-swt.jar;C:\Program Files\Java\javafx-sdk-18.0.1\lib\javafx.base.jar;C:\Program Files\Java\javafx-sdk-18.0.1\lib\javafx.controls.jar;C:\Program Files\Java\javafx-sdk-18.0.1\lib\javafx.fxml.jar;C:\Program Files\Java\javafx-sdk-18.0.1\lib\javafx.graphics.jar;C:\Program Files\Java\javafx-sdk-18.0.1\lib\javafx.media.jar;C:\Program Files\Java\javafx-sdk-18.0.1\lib\javafx.swing.jar;C:\Program Files\Java\javafx-sdk-18.0.1\lib\javafx.web.jar;C:\Users\PRINCESSE\.p2\pool\plugins\org.eclipse.fx.ide.css.jfx8_3.7.0.202010120832.jar -XX:+ShowCodeDetailsInExceptionMessages -Djdk.module.main=GestionBancaire GestionBancaire/application.Main

Host: Intel(R) Core(TM) i5-5200U CPU @ 2.20GHz, 4 cores, 7G,  Windows 10 , 64 bit Build 19041 (10.0.19041.1706)
Time: Tue May 31 03:12:25 2022 Greenwich elapsed time: 0.680138 seconds (0d 0h 0m 0s)

---------------  T H R E A D  ---------------

Current thread (0x000002edccaeb950):  JavaThread "C2 CompilerThread0" daemon [_thread_in_native, id=7672, stack(0x000000ff29000000,0x000000ff29100000)]


Current CompileTask:
C2:    680  705       4       java.util.HashMap::resize (356 bytes)

Stack: [0x000000ff29000000,0x000000ff29100000]
Native frames: (J=compiled Java code, j=interpreted, Vv=VM code, C=native code)
V  [jvm.dll+0x66fa1a]
V  [jvm.dll+0x7ce5a4]
V  [jvm.dll+0x7cfd4e]
V  [jvm.dll+0x7d03b3]
V  [jvm.dll+0x242b05]
V  [jvm.dll+0xaa05b]
V  [jvm.dll+0xaa5ec]
V  [jvm.dll+0x35fa07]
V  [jvm.dll+0x329f51]
V  [jvm.dll+0x3293fa]
V  [jvm.dll+0x215bf1]
V  [jvm.dll+0x215011]
V  [jvm.dll+0x1a168d]
V  [jvm.dll+0x224848]
V  [jvm.dll+0x2229ac]
V  [jvm.dll+0x78435b]
V  [jvm.dll+0x77e91a]
V  [jvm.dll+0x66e845]
C  [ucrtbase.dll+0x21bb2]
C  [KERNEL32.DLL+0x17034]
C  [ntdll.dll+0x52651]


---------------  P R O C E S S  ---------------

Threads class SMR info:
_java_thread_list=0x000002edcda52710, length=17, elements={
0x000002edaf30dfe0, 0x000002edccac6b00, 0x000002edccac7970, 0x000002edccadb890,
0x000002edccade350, 0x000002edccaded00, 0x000002edccae76c0, 0x000002edccaeb950,
0x000002edccaec3f0, 0x000002edccaef600, 0x000002edccb8e610, 0x000002edcd7a9be0,
0x000002edcd88ec50, 0x000002edcd978930, 0x000002edcd97d290, 0x000002edcd9b3050,
0x000002edcda529f0
}

Java Threads: ( => current thread )
  0x000002edaf30dfe0 JavaThread "main" [_thread_blocked, id=15628, stack(0x000000ff28300000,0x000000ff28400000)]
  0x000002edccac6b00 JavaThread "Reference Handler" daemon [_thread_blocked, id=4468, stack(0x000000ff28a00000,0x000000ff28b00000)]
  0x000002edccac7970 JavaThread "Finalizer" daemon [_thread_blocked, id=15500, stack(0x000000ff28b00000,0x000000ff28c00000)]
  0x000002edccadb890 JavaThread "Signal Dispatcher" daemon [_thread_blocked, id=14136, stack(0x000000ff28c00000,0x000000ff28d00000)]
  0x000002edccade350 JavaThread "Attach Listener" daemon [_thread_blocked, id=15540, stack(0x000000ff28d00000,0x000000ff28e00000)]
  0x000002edccaded00 JavaThread "Service Thread" daemon [_thread_blocked, id=9360, stack(0x000000ff28e00000,0x000000ff28f00000)]
  0x000002edccae76c0 JavaThread "Monitor Deflation Thread" daemon [_thread_blocked, id=12860, stack(0x000000ff28f00000,0x000000ff29000000)]
=>0x000002edccaeb950 JavaThread "C2 CompilerThread0" daemon [_thread_in_native, id=7672, stack(0x000000ff29000000,0x000000ff29100000)]
  0x000002edccaec3f0 JavaThread "C1 CompilerThread0" daemon [_thread_blocked, id=15800, stack(0x000000ff29100000,0x000000ff29200000)]
  0x000002edccaef600 JavaThread "Sweeper thread" daemon [_thread_blocked, id=15864, stack(0x000000ff29200000,0x000000ff29300000)]
  0x000002edccb8e610 JavaThread "Common-Cleaner" daemon [_thread_blocked, id=14068, stack(0x000000ff29300000,0x000000ff29400000)]
  0x000002edcd7a9be0 JavaThread "Notification Thread" daemon [_thread_blocked, id=12120, stack(0x000000ff29500000,0x000000ff29600000)]
  0x000002edcd88ec50 JavaThread "QuantumRenderer-0" daemon [_thread_blocked, id=14496, stack(0x000000ff29400000,0x000000ff29500000)]
  0x000002edcd978930 JavaThread "InvokeLaterDispatcher" daemon [_thread_blocked, id=3456, stack(0x000000ff29700000,0x000000ff29800000)]
  0x000002edcd97d290 JavaThread "JavaFX Application Thread" [_thread_in_vm, id=1620, stack(0x000000ff29800000,0x000000ff29900000)]
  0x000002edcd9b3050 JavaThread "Thread-1" daemon [_thread_in_native, id=7744, stack(0x000000ff29c00000,0x000000ff29d00000)]
  0x000002edcda529f0 JavaThread "JavaFX-Launcher" [_thread_blocked, id=13100, stack(0x000000ff29d00000,0x000000ff29e00000)]

Other Threads:
  0x000002edccabfaf0 VMThread "VM Thread" [stack: 0x000000ff28900000,0x000000ff28a00000] [id=6444]
  0x000002edcd6181c0 WatcherThread [stack: 0x000000ff29600000,0x000000ff29700000] [id=10172]
  0x000002edaf34c330 GCTaskThread "GC Thread#0" [stack: 0x000000ff28400000,0x000000ff28500000] [id=10776]
  0x000002edcd9a3250 GCTaskThread "GC Thread#1" [stack: 0x000000ff29900000,0x000000ff29a00000] [id=3688]
  0x000002edcd9a3500 GCTaskThread "GC Thread#2" [stack: 0x000000ff29a00000,0x000000ff29b00000] [id=12736]
  0x000002edcd9ae7e0 GCTaskThread "GC Thread#3" [stack: 0x000000ff29b00000,0x000000ff29c00000] [id=11560]
  0x000002edaf35d6d0 ConcurrentGCThread "G1 Main Marker" [stack: 0x000000ff28500000,0x000000ff28600000] [id=7020]
  0x000002edaf35f4f0 ConcurrentGCThread "G1 Conc#0" [stack: 0x000000ff28600000,0x000000ff28700000] [id=14300]
  0x000002edaf3d8d20 ConcurrentGCThread "G1 Refine#0" [stack: 0x000000ff28700000,0x000000ff28800000] [id=15364]
  0x000002edaf3d9740 ConcurrentGCThread "G1 Service" [stack: 0x000000ff28800000,0x000000ff28900000] [id=808]

Threads with active compile tasks:
C2 CompilerThread0      709  705       4       java.util.HashMap::resize (356 bytes)

VM state: not at safepoint (normal execution)

VM Mutex/Monitor currently owned by a thread:  ([mutex/lock_event])
[0x000002edaf306aa0] Metaspace_lock - owner thread: 0x000002edcd97d290

Heap address: 0x0000000081a00000, size: 2022 MB, Compressed Oops mode: 32-bit

CDS archive(s) mapped at: [0x0000000800000000-0x0000000800bc0000-0x0000000800bc0000), size 12320768, SharedBaseAddress: 0x0000000800000000, ArchiveRelocationMode: 0.
Compressed class space mapped at: 0x0000000800c00000-0x0000000840c00000, reserved size: 1073741824
Narrow klass base: 0x0000000800000000, Narrow klass shift: 0, Narrow klass range: 0x100000000

GC Precious Log:
 CPUs: 4 total, 4 available
 Memory: 8083M
 Large Page Support: Disabled
 NUMA Support: Disabled
 Compressed Oops: Enabled (32-bit)
 Heap Region Size: 1M
 Heap Min Capacity: 8M
 Heap Initial Capacity: 128M
 Heap Max Capacity: 2022M
 Pre-touch: Disabled
 Parallel Workers: 4
 Concurrent Workers: 1
 Concurrent Refinement Workers: 4
 Periodic GC: Disabled

Heap:
 garbage-first heap   total 131072K, used 3680K [0x0000000081a00000, 0x0000000100000000)
  region size 1024K, 5 young (5120K), 2 survivors (2048K)
 Metaspace       used 3554K, committed 3712K, reserved 1056768K
  class space    used 442K, committed 512K, reserved 1048576K

Heap Regions: E=young(eden), S=young(survivor), O=old, HS=humongous(starts), HC=humongous(continues), CS=collection set, F=free, OA=open archive, CA=closed archive, TAMS=top-at-mark-start (previous, next)
|   0|0x0000000081a00000, 0x0000000081a00000, 0x0000000081b00000|  0%| F|  |TAMS 0x0000000081a00000, 0x0000000081a00000| Untracked 
|   1|0x0000000081b00000, 0x0000000081b00000, 0x0000000081c00000|  0%| F|  |TAMS 0x0000000081b00000, 0x0000000081b00000| Untracked 
|   2|0x0000000081c00000, 0x0000000081c00000, 0x0000000081d00000|  0%| F|  |TAMS 0x0000000081c00000, 0x0000000081c00000| Untracked 
|   3|0x0000000081d00000, 0x0000000081d00000, 0x0000000081e00000|  0%| F|  |TAMS 0x0000000081d00000, 0x0000000081d00000| Untracked 
|   4|0x0000000081e00000, 0x0000000081e00000, 0x0000000081f00000|  0%| F|  |TAMS 0x0000000081e00000, 0x0000000081e00000| Untracked 
|   5|0x0000000081f00000, 0x0000000081f00000, 0x0000000082000000|  0%| F|  |TAMS 0x0000000081f00000, 0x0000000081f00000| Untracked 
|   6|0x0000000082000000, 0x0000000082000000, 0x0000000082100000|  0%| F|  |TAMS 0x0000000082000000, 0x0000000082000000| Untracked 
|   7|0x0000000082100000, 0x0000000082100000, 0x0000000082200000|  0%| F|  |TAMS 0x0000000082100000, 0x0000000082100000| Untracked 
|   8|0x0000000082200000, 0x0000000082200000, 0x0000000082300000|  0%| F|  |TAMS 0x0000000082200000, 0x0000000082200000| Untracked 
|   9|0x0000000082300000, 0x0000000082300000, 0x0000000082400000|  0%| F|  |TAMS 0x0000000082300000, 0x0000000082300000| Untracked 
|  10|0x0000000082400000, 0x0000000082400000, 0x0000000082500000|  0%| F|  |TAMS 0x0000000082400000, 0x0000000082400000| Untracked 
|  11|0x0000000082500000, 0x0000000082500000, 0x0000000082600000|  0%| F|  |TAMS 0x0000000082500000, 0x0000000082500000| Untracked 
|  12|0x0000000082600000, 0x0000000082600000, 0x0000000082700000|  0%| F|  |TAMS 0x0000000082600000, 0x0000000082600000| Untracked 
|  13|0x0000000082700000, 0x0000000082700000, 0x0000000082800000|  0%| F|  |TAMS 0x0000000082700000, 0x0000000082700000| Untracked 
|  14|0x0000000082800000, 0x0000000082800000, 0x0000000082900000|  0%| F|  |TAMS 0x0000000082800000, 0x0000000082800000| Untracked 
|  15|0x0000000082900000, 0x0000000082900000, 0x0000000082a00000|  0%| F|  |TAMS 0x0000000082900000, 0x0000000082900000| Untracked 
|  16|0x0000000082a00000, 0x0000000082a00000, 0x0000000082b00000|  0%| F|  |TAMS 0x0000000082a00000, 0x0000000082a00000| Untracked 
|  17|0x0000000082b00000, 0x0000000082b00000, 0x0000000082c00000|  0%| F|  |TAMS 0x0000000082b00000, 0x0000000082b00000| Untracked 
|  18|0x0000000082c00000, 0x0000000082c00000, 0x0000000082d00000|  0%| F|  |TAMS 0x0000000082c00000, 0x0000000082c00000| Untracked 
|  19|0x0000000082d00000, 0x0000000082d00000, 0x0000000082e00000|  0%| F|  |TAMS 0x0000000082d00000, 0x0000000082d00000| Untracked 
|  20|0x0000000082e00000, 0x0000000082e00000, 0x0000000082f00000|  0%| F|  |TAMS 0x0000000082e00000, 0x0000000082e00000| Untracked 
|  21|0x0000000082f00000, 0x0000000082f00000, 0x0000000083000000|  0%| F|  |TAMS 0x0000000082f00000, 0x0000000082f00000| Untracked 
|  22|0x0000000083000000, 0x0000000083000000, 0x0000000083100000|  0%| F|  |TAMS 0x0000000083000000, 0x0000000083000000| Untracked 
|  23|0x0000000083100000, 0x0000000083100000, 0x0000000083200000|  0%| F|  |TAMS 0x0000000083100000, 0x0000000083100000| Untracked 
|  24|0x0000000083200000, 0x0000000083200000, 0x0000000083300000|  0%| F|  |TAMS 0x0000000083200000, 0x0000000083200000| Untracked 
|  25|0x0000000083300000, 0x0000000083300000, 0x0000000083400000|  0%| F|  |TAMS 0x0000000083300000, 0x0000000083300000| Untracked 
|  26|0x0000000083400000, 0x0000000083400000, 0x0000000083500000|  0%| F|  |TAMS 0x0000000083400000, 0x0000000083400000| Untracked 
|  27|0x0000000083500000, 0x0000000083500000, 0x0000000083600000|  0%| F|  |TAMS 0x0000000083500000, 0x0000000083500000| Untracked 
|  28|0x0000000083600000, 0x0000000083600000, 0x0000000083700000|  0%| F|  |TAMS 0x0000000083600000, 0x0000000083600000| Untracked 
|  29|0x0000000083700000, 0x0000000083700000, 0x0000000083800000|  0%| F|  |TAMS 0x0000000083700000, 0x0000000083700000| Untracked 
|  30|0x0000000083800000, 0x0000000083800000, 0x0000000083900000|  0%| F|  |TAMS 0x0000000083800000, 0x0000000083800000| Untracked 
|  31|0x0000000083900000, 0x0000000083900000, 0x0000000083a00000|  0%| F|  |TAMS 0x0000000083900000, 0x0000000083900000| Untracked 
|  32|0x0000000083a00000, 0x0000000083a00000, 0x0000000083b00000|  0%| F|  |TAMS 0x0000000083a00000, 0x0000000083a00000| Untracked 
|  33|0x0000000083b00000, 0x0000000083b00000, 0x0000000083c00000|  0%| F|  |TAMS 0x0000000083b00000, 0x0000000083b00000| Untracked 
|  34|0x0000000083c00000, 0x0000000083c00000, 0x0000000083d00000|  0%| F|  |TAMS 0x0000000083c00000, 0x0000000083c00000| Untracked 
|  35|0x0000000083d00000, 0x0000000083d00000, 0x0000000083e00000|  0%| F|  |TAMS 0x0000000083d00000, 0x0000000083d00000| Untracked 
|  36|0x0000000083e00000, 0x0000000083e00000, 0x0000000083f00000|  0%| F|  |TAMS 0x0000000083e00000, 0x0000000083e00000| Untracked 
|  37|0x0000000083f00000, 0x0000000083f00000, 0x0000000084000000|  0%| F|  |TAMS 0x0000000083f00000, 0x0000000083f00000| Untracked 
|  38|0x0000000084000000, 0x0000000084000000, 0x0000000084100000|  0%| F|  |TAMS 0x0000000084000000, 0x0000000084000000| Untracked 
|  39|0x0000000084100000, 0x0000000084100000, 0x0000000084200000|  0%| F|  |TAMS 0x0000000084100000, 0x0000000084100000| Untracked 
|  40|0x0000000084200000, 0x0000000084200000, 0x0000000084300000|  0%| F|  |TAMS 0x0000000084200000, 0x0000000084200000| Untracked 
|  41|0x0000000084300000, 0x0000000084300000, 0x0000000084400000|  0%| F|  |TAMS 0x0000000084300000, 0x0000000084300000| Untracked 
|  42|0x0000000084400000, 0x0000000084400000, 0x0000000084500000|  0%| F|  |TAMS 0x0000000084400000, 0x0000000084400000| Untracked 
|  43|0x0000000084500000, 0x0000000084500000, 0x0000000084600000|  0%| F|  |TAMS 0x0000000084500000, 0x0000000084500000| Untracked 
|  44|0x0000000084600000, 0x0000000084600000, 0x0000000084700000|  0%| F|  |TAMS 0x0000000084600000, 0x0000000084600000| Untracked 
|  45|0x0000000084700000, 0x0000000084700000, 0x0000000084800000|  0%| F|  |TAMS 0x0000000084700000, 0x0000000084700000| Untracked 
|  46|0x0000000084800000, 0x0000000084800000, 0x0000000084900000|  0%| F|  |TAMS 0x0000000084800000, 0x0000000084800000| Untracked 
|  47|0x0000000084900000, 0x0000000084900000, 0x0000000084a00000|  0%| F|  |TAMS 0x0000000084900000, 0x0000000084900000| Untracked 
|  48|0x0000000084a00000, 0x0000000084a00000, 0x0000000084b00000|  0%| F|  |TAMS 0x0000000084a00000, 0x0000000084a00000| Untracked 
|  49|0x0000000084b00000, 0x0000000084b00000, 0x0000000084c00000|  0%| F|  |TAMS 0x0000000084b00000, 0x0000000084b00000| Untracked 
|  50|0x0000000084c00000, 0x0000000084c00000, 0x0000000084d00000|  0%| F|  |TAMS 0x0000000084c00000, 0x0000000084c00000| Untracked 
|  51|0x0000000084d00000, 0x0000000084d00000, 0x0000000084e00000|  0%| F|  |TAMS 0x0000000084d00000, 0x0000000084d00000| Untracked 
|  52|0x0000000084e00000, 0x0000000084e00000, 0x0000000084f00000|  0%| F|  |TAMS 0x0000000084e00000, 0x0000000084e00000| Untracked 
|  53|0x0000000084f00000, 0x0000000084f00000, 0x0000000085000000|  0%| F|  |TAMS 0x0000000084f00000, 0x0000000084f00000| Untracked 
|  54|0x0000000085000000, 0x0000000085000000, 0x0000000085100000|  0%| F|  |TAMS 0x0000000085000000, 0x0000000085000000| Untracked 
|  55|0x0000000085100000, 0x0000000085100000, 0x0000000085200000|  0%| F|  |TAMS 0x0000000085100000, 0x0000000085100000| Untracked 
|  56|0x0000000085200000, 0x0000000085200000, 0x0000000085300000|  0%| F|  |TAMS 0x0000000085200000, 0x0000000085200000| Untracked 
|  57|0x0000000085300000, 0x0000000085300000, 0x0000000085400000|  0%| F|  |TAMS 0x0000000085300000, 0x0000000085300000| Untracked 
|  58|0x0000000085400000, 0x0000000085400000, 0x0000000085500000|  0%| F|  |TAMS 0x0000000085400000, 0x0000000085400000| Untracked 
|  59|0x0000000085500000, 0x0000000085500000, 0x0000000085600000|  0%| F|  |TAMS 0x0000000085500000, 0x0000000085500000| Untracked 
|  60|0x0000000085600000, 0x0000000085600000, 0x0000000085700000|  0%| F|  |TAMS 0x0000000085600000, 0x0000000085600000| Untracked 
|  61|0x0000000085700000, 0x0000000085700000, 0x0000000085800000|  0%| F|  |TAMS 0x0000000085700000, 0x0000000085700000| Untracked 
|  62|0x0000000085800000, 0x0000000085800000, 0x0000000085900000|  0%| F|  |TAMS 0x0000000085800000, 0x0000000085800000| Untracked 
|  63|0x0000000085900000, 0x0000000085900000, 0x0000000085a00000|  0%| F|  |TAMS 0x0000000085900000, 0x0000000085900000| Untracked 
|  64|0x0000000085a00000, 0x0000000085a00000, 0x0000000085b00000|  0%| F|  |TAMS 0x0000000085a00000, 0x0000000085a00000| Untracked 
|  65|0x0000000085b00000, 0x0000000085b00000, 0x0000000085c00000|  0%| F|  |TAMS 0x0000000085b00000, 0x0000000085b00000| Untracked 
|  66|0x0000000085c00000, 0x0000000085c00000, 0x0000000085d00000|  0%| F|  |TAMS 0x0000000085c00000, 0x0000000085c00000| Untracked 
|  67|0x0000000085d00000, 0x0000000085d00000, 0x0000000085e00000|  0%| F|  |TAMS 0x0000000085d00000, 0x0000000085d00000| Untracked 
|  68|0x0000000085e00000, 0x0000000085e00000, 0x0000000085f00000|  0%| F|  |TAMS 0x0000000085e00000, 0x0000000085e00000| Untracked 
|  69|0x0000000085f00000, 0x0000000085f00000, 0x0000000086000000|  0%| F|  |TAMS 0x0000000085f00000, 0x0000000085f00000| Untracked 
|  70|0x0000000086000000, 0x0000000086000000, 0x0000000086100000|  0%| F|  |TAMS 0x0000000086000000, 0x0000000086000000| Untracked 
|  71|0x0000000086100000, 0x0000000086100000, 0x0000000086200000|  0%| F|  |TAMS 0x0000000086100000, 0x0000000086100000| Untracked 
|  72|0x0000000086200000, 0x0000000086200000, 0x0000000086300000|  0%| F|  |TAMS 0x0000000086200000, 0x0000000086200000| Untracked 
|  73|0x0000000086300000, 0x0000000086300000, 0x0000000086400000|  0%| F|  |TAMS 0x0000000086300000, 0x0000000086300000| Untracked 
|  74|0x0000000086400000, 0x0000000086400000, 0x0000000086500000|  0%| F|  |TAMS 0x0000000086400000, 0x0000000086400000| Untracked 
|  75|0x0000000086500000, 0x0000000086500000, 0x0000000086600000|  0%| F|  |TAMS 0x0000000086500000, 0x0000000086500000| Untracked 
|  76|0x0000000086600000, 0x0000000086600000, 0x0000000086700000|  0%| F|  |TAMS 0x0000000086600000, 0x0000000086600000| Untracked 
|  77|0x0000000086700000, 0x0000000086700000, 0x0000000086800000|  0%| F|  |TAMS 0x0000000086700000, 0x0000000086700000| Untracked 
|  78|0x0000000086800000, 0x0000000086800000, 0x0000000086900000|  0%| F|  |TAMS 0x0000000086800000, 0x0000000086800000| Untracked 
|  79|0x0000000086900000, 0x0000000086900000, 0x0000000086a00000|  0%| F|  |TAMS 0x0000000086900000, 0x0000000086900000| Untracked 
|  80|0x0000000086a00000, 0x0000000086a00000, 0x0000000086b00000|  0%| F|  |TAMS 0x0000000086a00000, 0x0000000086a00000| Untracked 
|  81|0x0000000086b00000, 0x0000000086b00000, 0x0000000086c00000|  0%| F|  |TAMS 0x0000000086b00000, 0x0000000086b00000| Untracked 
|  82|0x0000000086c00000, 0x0000000086c00000, 0x0000000086d00000|  0%| F|  |TAMS 0x0000000086c00000, 0x0000000086c00000| Untracked 
|  83|0x0000000086d00000, 0x0000000086d00000, 0x0000000086e00000|  0%| F|  |TAMS 0x0000000086d00000, 0x0000000086d00000| Untracked 
|  84|0x0000000086e00000, 0x0000000086e00000, 0x0000000086f00000|  0%| F|  |TAMS 0x0000000086e00000, 0x0000000086e00000| Untracked 
|  85|0x0000000086f00000, 0x0000000086f00000, 0x0000000087000000|  0%| F|  |TAMS 0x0000000086f00000, 0x0000000086f00000| Untracked 
|  86|0x0000000087000000, 0x0000000087000000, 0x0000000087100000|  0%| F|  |TAMS 0x0000000087000000, 0x0000000087000000| Untracked 
|  87|0x0000000087100000, 0x0000000087100000, 0x0000000087200000|  0%| F|  |TAMS 0x0000000087100000, 0x0000000087100000| Untracked 
|  88|0x0000000087200000, 0x0000000087200000, 0x0000000087300000|  0%| F|  |TAMS 0x0000000087200000, 0x0000000087200000| Untracked 
|  89|0x0000000087300000, 0x0000000087300000, 0x0000000087400000|  0%| F|  |TAMS 0x0000000087300000, 0x0000000087300000| Untracked 
|  90|0x0000000087400000, 0x0000000087400000, 0x0000000087500000|  0%| F|  |TAMS 0x0000000087400000, 0x0000000087400000| Untracked 
|  91|0x0000000087500000, 0x0000000087500000, 0x0000000087600000|  0%| F|  |TAMS 0x0000000087500000, 0x0000000087500000| Untracked 
|  92|0x0000000087600000, 0x0000000087600000, 0x0000000087700000|  0%| F|  |TAMS 0x0000000087600000, 0x0000000087600000| Untracked 
|  93|0x0000000087700000, 0x0000000087700000, 0x0000000087800000|  0%| F|  |TAMS 0x0000000087700000, 0x0000000087700000| Untracked 
|  94|0x0000000087800000, 0x0000000087800000, 0x0000000087900000|  0%| F|  |TAMS 0x0000000087800000, 0x0000000087800000| Untracked 
|  95|0x0000000087900000, 0x0000000087900000, 0x0000000087a00000|  0%| F|  |TAMS 0x0000000087900000, 0x0000000087900000| Untracked 
|  96|0x0000000087a00000, 0x0000000087a00000, 0x0000000087b00000|  0%| F|  |TAMS 0x0000000087a00000, 0x0000000087a00000| Untracked 
|  97|0x0000000087b00000, 0x0000000087b00000, 0x0000000087c00000|  0%| F|  |TAMS 0x0000000087b00000, 0x0000000087b00000| Untracked 
|  98|0x0000000087c00000, 0x0000000087c00000, 0x0000000087d00000|  0%| F|  |TAMS 0x0000000087c00000, 0x0000000087c00000| Untracked 
|  99|0x0000000087d00000, 0x0000000087d00000, 0x0000000087e00000|  0%| F|  |TAMS 0x0000000087d00000, 0x0000000087d00000| Untracked 
| 100|0x0000000087e00000, 0x0000000087e00000, 0x0000000087f00000|  0%| F|  |TAMS 0x0000000087e00000, 0x0000000087e00000| Untracked 
| 101|0x0000000087f00000, 0x0000000087f00000, 0x0000000088000000|  0%| F|  |TAMS 0x0000000087f00000, 0x0000000087f00000| Untracked 
| 102|0x0000000088000000, 0x0000000088000000, 0x0000000088100000|  0%| F|  |TAMS 0x0000000088000000, 0x0000000088000000| Untracked 
| 103|0x0000000088100000, 0x0000000088100000, 0x0000000088200000|  0%| F|  |TAMS 0x0000000088100000, 0x0000000088100000| Untracked 
| 104|0x0000000088200000, 0x0000000088200000, 0x0000000088300000|  0%| F|  |TAMS 0x0000000088200000, 0x0000000088200000| Untracked 
| 105|0x0000000088300000, 0x0000000088300000, 0x0000000088400000|  0%| F|  |TAMS 0x0000000088300000, 0x0000000088300000| Untracked 
| 106|0x0000000088400000, 0x0000000088400000, 0x0000000088500000|  0%| F|  |TAMS 0x0000000088400000, 0x0000000088400000| Untracked 
| 107|0x0000000088500000, 0x0000000088500000, 0x0000000088600000|  0%| F|  |TAMS 0x0000000088500000, 0x0000000088500000| Untracked 
| 108|0x0000000088600000, 0x0000000088600000, 0x0000000088700000|  0%| F|  |TAMS 0x0000000088600000, 0x0000000088600000| Untracked 
| 109|0x0000000088700000, 0x0000000088700000, 0x0000000088800000|  0%| F|  |TAMS 0x0000000088700000, 0x0000000088700000| Untracked 
| 110|0x0000000088800000, 0x0000000088800000, 0x0000000088900000|  0%| F|  |TAMS 0x0000000088800000, 0x0000000088800000| Untracked 
| 111|0x0000000088900000, 0x0000000088900000, 0x0000000088a00000|  0%| F|  |TAMS 0x0000000088900000, 0x0000000088900000| Untracked 
| 112|0x0000000088a00000, 0x0000000088a00000, 0x0000000088b00000|  0%| F|  |TAMS 0x0000000088a00000, 0x0000000088a00000| Untracked 
| 113|0x0000000088b00000, 0x0000000088b98030, 0x0000000088c00000| 59%| S|CS|TAMS 0x0000000088b00000, 0x0000000088b00000| Complete 
| 114|0x0000000088c00000, 0x0000000088d00000, 0x0000000088d00000|100%| S|CS|TAMS 0x0000000088c00000, 0x0000000088c00000| Complete 
| 115|0x0000000088d00000, 0x0000000088d00000, 0x0000000088e00000|  0%| F|  |TAMS 0x0000000088d00000, 0x0000000088d00000| Untracked 
| 116|0x0000000088e00000, 0x0000000088e00000, 0x0000000088f00000|  0%| F|  |TAMS 0x0000000088e00000, 0x0000000088e00000| Untracked 
| 117|0x0000000088f00000, 0x0000000088f00000, 0x0000000089000000|  0%| F|  |TAMS 0x0000000088f00000, 0x0000000088f00000| Untracked 
| 118|0x0000000089000000, 0x0000000089000000, 0x0000000089100000|  0%| F|  |TAMS 0x0000000089000000, 0x0000000089000000| Untracked 
| 119|0x0000000089100000, 0x0000000089100000, 0x0000000089200000|  0%| F|  |TAMS 0x0000000089100000, 0x0000000089100000| Untracked 
| 120|0x0000000089200000, 0x0000000089200000, 0x0000000089300000|  0%| F|  |TAMS 0x0000000089200000, 0x0000000089200000| Untracked 
| 121|0x0000000089300000, 0x0000000089300000, 0x0000000089400000|  0%| F|  |TAMS 0x0000000089300000, 0x0000000089300000| Untracked 
| 122|0x0000000089400000, 0x0000000089400000, 0x0000000089500000|  0%| F|  |TAMS 0x0000000089400000, 0x0000000089400000| Untracked 
| 123|0x0000000089500000, 0x0000000089500000, 0x0000000089600000|  0%| F|  |TAMS 0x0000000089500000, 0x0000000089500000| Untracked 
| 124|0x0000000089600000, 0x0000000089600000, 0x0000000089700000|  0%| F|  |TAMS 0x0000000089600000, 0x0000000089600000| Untracked 
| 125|0x0000000089700000, 0x000000008975c988, 0x0000000089800000| 36%| E|  |TAMS 0x0000000089700000, 0x0000000089700000| Complete 
| 126|0x0000000089800000, 0x0000000089900000, 0x0000000089900000|100%| E|CS|TAMS 0x0000000089800000, 0x0000000089800000| Complete 
| 127|0x0000000089900000, 0x0000000089a00000, 0x0000000089a00000|100%| E|CS|TAMS 0x0000000089900000, 0x0000000089900000| Complete 

Card table byte_map: [0x000002edc5f20000,0x000002edc6320000] _byte_map_base: 0x000002edc5b13000

Marking Bits (Prev, Next): (CMBitMap*) 0x000002edaf34c940, (CMBitMap*) 0x000002edaf34c980
 Prev Bits: [0x000002edc6720000, 0x000002edc86b8000)
 Next Bits: [0x000002edc86c0000, 0x000002edca658000)

Polling page: 0x000002edad2f0000

Metaspace:

Usage:
  Non-class:      3.04 MB used.
      Class:    442.34 KB used.
       Both:      3.47 MB used.

Virtual space:
  Non-class space:        8.00 MB reserved,       3.12 MB ( 39%) committed,  1 nodes.
      Class space:        1.00 GB reserved,     512.00 KB ( <1%) committed,  1 nodes.
             Both:        1.01 GB reserved,       3.62 MB ( <1%) committed. 

Chunk freelists:
   Non-Class:  2.36 MB
       Class:  3.44 MB
        Both:  5.80 MB

MaxMetaspaceSize: unlimited
CompressedClassSpaceSize: 1.00 GB
Initial GC threshold: 21.00 MB
Current GC threshold: 21.00 MB
CDS: on
MetaspaceReclaimPolicy: balanced
 - commit_granule_bytes: 65536.
 - commit_granule_words: 8192.
 - virtual_space_node_default_size: 1048576.
 - enlarge_chunks_in_place: 1.
 - new_chunks_are_fully_committed: 0.
 - uncommit_free_chunks: 1.
 - use_allocation_guard: 0.
 - handle_deallocations: 1.


Internal statistics:

num_allocs_failed_limit: 0.
num_arena_births: 90.
num_arena_deaths: 0.
num_vsnodes_births: 2.
num_vsnodes_deaths: 0.
num_space_committed: 58.
num_space_uncommitted: 0.
num_chunks_returned_to_freelist: 0.
num_chunks_taken_from_freelist: 183.
num_chunk_merges: 0.
num_chunk_splits: 123.
num_chunks_enlarged: 94.
num_purges: 0.
num_inconsistent_stats: 0.

CodeHeap 'non-profiled nmethods': size=120000Kb used=247Kb max_used=247Kb free=119752Kb
 bounds [0x000002edbe5f0000, 0x000002edbe860000, 0x000002edc5b20000]
CodeHeap 'profiled nmethods': size=120000Kb used=1127Kb max_used=1127Kb free=118872Kb
 bounds [0x000002edb70c0000, 0x000002edb7330000, 0x000002edbe5f0000]
CodeHeap 'non-nmethods': size=5760Kb used=1160Kb max_used=1170Kb free=4600Kb
 bounds [0x000002edb6b20000, 0x000002edb6d90000, 0x000002edb70c0000]
 total_blobs=1224 nmethods=771 adapters=366
 compilation: enabled
              stopped_count=0, restarted_count=0
 full_count=0

Compilation events (20 events):
Event: 0.618 Thread 0x000002edccaec3f0 nmethod 707 0x000002edb71bad10 code [0x000002edb71baf00, 0x000002edb71bb3c8]
Event: 0.619 Thread 0x000002edccaec3f0  710       3       java.lang.invoke.MethodHandles$Lookup::in (283 bytes)
Event: 0.622 Thread 0x000002edccaec3f0 nmethod 710 0x000002edb71bb590 code [0x000002edb71bb9c0, 0x000002edb71bd4a8]
Event: 0.622 Thread 0x000002edccaec3f0  713       3       java.util.ArrayList$Itr::hasNext (20 bytes)
Event: 0.622 Thread 0x000002edccaec3f0 nmethod 713 0x000002edb71bdd90 code [0x000002edb71bdf20, 0x000002edb71be098]
Event: 0.622 Thread 0x000002edccaec3f0  714       3       jdk.internal.org.objectweb.asm.Frame::push (59 bytes)
Event: 0.623 Thread 0x000002edccaec3f0 nmethod 714 0x000002edb71be190 code [0x000002edb71be3c0, 0x000002edb71beb18]
Event: 0.623 Thread 0x000002edccaec3f0  715       3       jdk.internal.org.objectweb.asm.Frame::pop (44 bytes)
Event: 0.623 Thread 0x000002edccaec3f0 nmethod 715 0x000002edb71bee10 code [0x000002edb71befa0, 0x000002edb71bf138]
Event: 0.623 Thread 0x000002edccaec3f0  716       3       jdk.internal.org.objectweb.asm.MethodWriter::visitMethodInsn (191 bytes)
Event: 0.624 Thread 0x000002edccaec3f0 nmethod 716 0x000002edb71bf210 code [0x000002edb71bf440, 0x000002edb71bfbe8]
Event: 0.624 Thread 0x000002edccaec3f0  717       3       jdk.internal.org.objectweb.asm.SymbolTable::addConstantMethodref (24 bytes)
Event: 0.624 Thread 0x000002edccaec3f0 nmethod 717 0x000002edb71bff10 code [0x000002edb71c00c0, 0x000002edb71c0268]
Event: 0.624 Thread 0x000002edccaec3f0  711       3       java.lang.invoke.MethodHandles$Lookup::hasFullPrivilegeAccess (18 bytes)
Event: 0.624 Thread 0x000002edccaec3f0 nmethod 711 0x000002edb71c0310 code [0x000002edb71c04a0, 0x000002edb71c0618]
Event: 0.625 Thread 0x000002edccaec3f0  718       3       jdk.internal.org.objectweb.asm.MethodWriter::visitTypeInsn (116 bytes)
Event: 0.625 Thread 0x000002edccaec3f0 nmethod 718 0x000002edb71c0690 code [0x000002edb71c0880, 0x000002edb71c0c88]
Event: 0.625 Thread 0x000002edccaec3f0  720       3       jdk.internal.org.objectweb.asm.Frame::pop (53 bytes)
Event: 0.626 Thread 0x000002edccaec3f0 nmethod 720 0x000002edb71c0e90 code [0x000002edb71c10e0, 0x000002edb71c1858]
Event: 0.626 Thread 0x000002edccaec3f0  719       3       java.util.ArrayList$Itr::next (66 bytes)

GC Heap History (2 events):
Event: 0.593 GC heap before
{Heap before GC invocations=0 (full 0):
 garbage-first heap   total 131072K, used 12288K [0x0000000081a00000, 0x0000000100000000)
  region size 1024K, 13 young (13312K), 0 survivors (0K)
 Metaspace       used 2753K, committed 2880K, reserved 1056768K
  class space    used 316K, committed 384K, reserved 1048576K
}
Event: 0.596 GC heap after
{Heap after GC invocations=1 (full 0):
 garbage-first heap   total 131072K, used 1632K [0x0000000081a00000, 0x0000000100000000)
  region size 1024K, 2 young (2048K), 2 survivors (2048K)
 Metaspace       used 2753K, committed 2880K, reserved 1056768K
  class space    used 316K, committed 384K, reserved 1048576K
}

Deoptimization events (20 events):
Event: 0.174 Thread 0x000002edaf30dfe0 DEOPT PACKING pc=0x000002edb70fb3d6 sp=0x000000ff283fd920
Event: 0.174 Thread 0x000002edaf30dfe0 DEOPT UNPACKING pc=0x000002edb6b72b43 sp=0x000000ff283fcda8 mode 0
Event: 0.183 Thread 0x000002edaf30dfe0 DEOPT PACKING pc=0x000002edb70c28e7 sp=0x000000ff283fd8c0
Event: 0.183 Thread 0x000002edaf30dfe0 DEOPT UNPACKING pc=0x000002edb6b72b43 sp=0x000000ff283fcce0 mode 0
Event: 0.209 Thread 0x000002edaf30dfe0 Uncommon trap: trap_request=0xffffff45 fr.pc=0x000002edbe604690 relative=0x0000000000000650
Event: 0.209 Thread 0x000002edaf30dfe0 Uncommon trap: reason=unstable_if action=reinterpret pc=0x000002edbe604690 method=java.util.ImmutableCollections$SetN.probe(Ljava/lang/Object;)I @ 34 c2
Event: 0.209 Thread 0x000002edaf30dfe0 DEOPT PACKING pc=0x000002edbe604690 sp=0x000000ff283fe880
Event: 0.209 Thread 0x000002edaf30dfe0 DEOPT UNPACKING pc=0x000002edb6b723a3 sp=0x000000ff283fe820 mode 2
Event: 0.218 Thread 0x000002edaf30dfe0 Uncommon trap: trap_request=0xffffff45 fr.pc=0x000002edbe6066d4 relative=0x00000000000004b4
Event: 0.218 Thread 0x000002edaf30dfe0 Uncommon trap: reason=unstable_if action=reinterpret pc=0x000002edbe6066d4 method=java.lang.StringLatin1.newString([BII)Ljava/lang/String; @ 1 c2
Event: 0.218 Thread 0x000002edaf30dfe0 DEOPT PACKING pc=0x000002edbe6066d4 sp=0x000000ff283fe6d0
Event: 0.218 Thread 0x000002edaf30dfe0 DEOPT UNPACKING pc=0x000002edb6b723a3 sp=0x000000ff283fe630 mode 2
Event: 0.218 Thread 0x000002edaf30dfe0 Uncommon trap: trap_request=0xffffff45 fr.pc=0x000002edbe6038f8 relative=0x00000000000003d8
Event: 0.218 Thread 0x000002edaf30dfe0 Uncommon trap: reason=unstable_if action=reinterpret pc=0x000002edbe6038f8 method=java.lang.StringLatin1.newString([BII)Ljava/lang/String; @ 1 c2
Event: 0.218 Thread 0x000002edaf30dfe0 DEOPT PACKING pc=0x000002edbe6038f8 sp=0x000000ff283fe650
Event: 0.218 Thread 0x000002edaf30dfe0 DEOPT UNPACKING pc=0x000002edb6b723a3 sp=0x000000ff283fe630 mode 2
Event: 0.226 Thread 0x000002edaf30dfe0 Uncommon trap: trap_request=0xffffff45 fr.pc=0x000002edbe5f6774 relative=0x0000000000000074
Event: 0.226 Thread 0x000002edaf30dfe0 Uncommon trap: reason=unstable_if action=reinterpret pc=0x000002edbe5f6774 method=java.lang.String.isLatin1()Z @ 10 c2
Event: 0.226 Thread 0x000002edaf30dfe0 DEOPT PACKING pc=0x000002edbe5f6774 sp=0x000000ff283feb20
Event: 0.226 Thread 0x000002edaf30dfe0 DEOPT UNPACKING pc=0x000002edb6b723a3 sp=0x000000ff283fea60 mode 2

Classes unloaded (0 events):
No events

Classes redefined (0 events):
No events

Internal exceptions (10 events):
Event: 0.083 Thread 0x000002edaf30dfe0 Exception <a 'java/lang/NoSuchMethodError'{0x0000000089824370}: 'void java.lang.invoke.DirectMethodHandle$Holder.invokeVirtual(java.lang.Object, java.lang.Object)'> (0x0000000089824370) 
thrown [t:\workspace\open\src\hotspot\share\interpreter\linkResolver.cpp, line 766]
Event: 0.243 Thread 0x000002edaf30dfe0 Exception <a 'java/lang/NoSuchMethodError'{0x00000000893ca770}: 'java.lang.Object java.lang.invoke.DirectMethodHandle$Holder.invokeStaticInit(java.lang.Object)'> (0x00000000893ca770) 
thrown [t:\workspace\open\src\hotspot\share\interpreter\linkResolver.cpp, line 766]
Event: 0.248 Thread 0x000002edaf30dfe0 Exception <a 'java/lang/NoSuchMethodError'{0x00000000893d8ea0}: 'void java.lang.invoke.DirectMethodHandle$Holder.invokeStatic(java.lang.Object, java.lang.Object)'> (0x00000000893d8ea0) 
thrown [t:\workspace\open\src\hotspot\share\interpreter\linkResolver.cpp, line 766]
Event: 0.467 Thread 0x000002edaf30dfe0 Exception <a 'java/lang/NoSuchMethodError'{0x0000000088f2beb0}: 'void java.lang.invoke.DirectMethodHandle$Holder.invokeSpecial(java.lang.Object, java.lang.Object, java.lang.Object)'> (0x0000000088f2beb0) 
thrown [t:\workspace\open\src\hotspot\share\interpreter\linkResolver.cpp, line 766]
Event: 0.479 Thread 0x000002edaf30dfe0 Exception <a 'java/lang/NoSuchMethodError'{0x0000000088f62da0}: 'void java.lang.invoke.DirectMethodHandle$Holder.invokeStatic(java.lang.Object, java.lang.Object, java.lang.Object)'> (0x0000000088f62da0) 
thrown [t:\workspace\open\src\hotspot\share\interpreter\linkResolver.cpp, line 766]
Event: 0.508 Thread 0x000002edaf30dfe0 Exception <a 'java/lang/NoSuchMethodError'{0x0000000088f7f710}: 'int java.lang.invoke.DirectMethodHandle$Holder.invokeStaticInit(java.lang.Object, java.lang.Object, java.lang.Object)'> (0x0000000088f7f710) 
thrown [t:\workspace\open\src\hotspot\share\interpreter\linkResolver.cpp, line 766]
Event: 0.529 Thread 0x000002edaf30dfe0 Exception <a 'java/lang/NoSuchMethodError'{0x0000000088eaab40}: 'java.lang.Object java.lang.invoke.DirectMethodHandle$Holder.newInvokeSpecial(java.lang.Object, java.lang.Object, int, java.lang.Object)'> (0x0000000088eaab40) 
thrown [t:\workspace\open\src\hotspot\share\interpreter\linkResolver.cpp, line 766]
Event: 0.530 Thread 0x000002edaf30dfe0 Exception <a 'java/lang/NoSuchMethodError'{0x0000000088eaef20}: 'java.lang.Object java.lang.invoke.DirectMethodHandle$Holder.invokeSpecial(java.lang.Object, java.lang.Object, java.lang.Object, int, java.lang.Object)'> (0x0000000088eaef20) 
thrown [t:\workspace\open\src\hotspot\share\interpreter\linkResolver.cpp, line 766]
Event: 0.587 Thread 0x000002edcd97d290 Exception <a 'java/lang/NoSuchMethodError'{0x0000000088de5c80}: 'void java.lang.invoke.DirectMethodHandle$Holder.invokeStaticInit(java.lang.Object)'> (0x0000000088de5c80) 
thrown [t:\workspace\open\src\hotspot\share\interpreter\linkResolver.cpp, line 766]
Event: 0.591 Thread 0x000002edaf30dfe0 Exception <a 'java/lang/NoSuchMethodError'{0x0000000088ec3fd8}: 'java.lang.Object java.lang.invoke.DirectMethodHandle$Holder.newInvokeSpecial(java.lang.Object, java.lang.Object, java.lang.Object, java.lang.Object, java.lang.Object, java.lang.Object)'> (0x0000000088ec3fd8) 
thrown [t:\workspace\open\src\hotspot\share\interpreter\linkResolver.cpp, line 766]

VM Operations (6 events):
Event: 0.207 Executing VM operation: HandshakeAllThreads
Event: 0.207 Executing VM operation: HandshakeAllThreads done
Event: 0.520 Executing VM operation: HandshakeAllThreads
Event: 0.520 Executing VM operation: HandshakeAllThreads done
Event: 0.592 Executing VM operation: G1CollectForAllocation
Event: 0.596 Executing VM operation: G1CollectForAllocation done

Events (20 events):
Event: 0.618 loading class java/lang/reflect/ProxyGenerator done
Event: 0.618 loading class java/lang/reflect/ProxyGenerator$ProxyMethod
Event: 0.618 loading class java/lang/reflect/ProxyGenerator$ProxyMethod done
Event: 0.620 loading class java/lang/reflect/ProxyGenerator$PrimitiveTypeInfo
Event: 0.620 loading class java/lang/reflect/ProxyGenerator$PrimitiveTypeInfo done
Event: 0.621 loading class jdk/internal/org/objectweb/asm/Edge
Event: 0.621 loading class jdk/internal/org/objectweb/asm/Edge done
Event: 0.623 loading class java/lang/reflect/Proxy$ProxyBuilder$1
Event: 0.623 loading class java/lang/reflect/Proxy$ProxyBuilder$1 done
Event: 0.623 loading class java/lang/annotation/Target
Event: 0.623 loading class java/lang/annotation/Target done
Event: 0.625 loading class sun/reflect/generics/repository/ClassRepository
Event: 0.625 loading class sun/reflect/generics/repository/GenericDeclRepository
Event: 0.625 loading class sun/reflect/generics/repository/AbstractRepository
Event: 0.626 loading class sun/reflect/generics/repository/AbstractRepository done
Event: 0.626 Thread 0x000002edcd9b3050 Thread added: 0x000002edcd9b3050
Event: 0.626 loading class sun/reflect/generics/repository/GenericDeclRepository done
Event: 0.626 loading class sun/reflect/generics/repository/ClassRepository done
Event: 0.626 loading class java/lang/Class$EnclosingMethodInfo
Event: 0.626 loading class java/lang/Class$EnclosingMethodInfo done


Dynamic libraries:
0x00007ff641980000 - 0x00007ff641990000 	C:\Program Files\Java\jdk-17.0.1\bin\javaw.exe
0x00007fff31d30000 - 0x00007fff31f25000 	C:\WINDOWS\SYSTEM32\ntdll.dll
0x00007fff30e00000 - 0x00007fff30ebd000 	C:\WINDOWS\System32\KERNEL32.DLL
0x00007fff2f6f0000 - 0x00007fff2f9bd000 	C:\WINDOWS\System32\KERNELBASE.dll
0x00007fff2f440000 - 0x00007fff2f540000 	C:\WINDOWS\System32\ucrtbase.dll
0x00007fff25860000 - 0x00007fff25878000 	C:\Program Files\Java\jdk-17.0.1\bin\jli.dll
0x00007fff21450000 - 0x00007fff2146a000 	C:\Program Files\Java\jdk-17.0.1\bin\VCRUNTIME140.dll
0x00007fff318b0000 - 0x00007fff3195e000 	C:\WINDOWS\System32\ADVAPI32.dll
0x00007fff30390000 - 0x00007fff3042e000 	C:\WINDOWS\System32\msvcrt.dll
0x00007fff31ac0000 - 0x00007fff31b5c000 	C:\WINDOWS\System32\sechost.dll
0x00007fff31960000 - 0x00007fff31a85000 	C:\WINDOWS\System32\RPCRT4.dll
0x00007fff30510000 - 0x00007fff306b0000 	C:\WINDOWS\System32\USER32.dll
0x00007fff23f60000 - 0x00007fff241fa000 	C:\WINDOWS\WinSxS\amd64_microsoft.windows.common-controls_6595b64144ccf1df_6.0.19041.1110_none_60b5254171f9507e\COMCTL32.dll
0x00007fff2f9c0000 - 0x00007fff2f9e2000 	C:\WINDOWS\System32\win32u.dll
0x00007fff31a90000 - 0x00007fff31aba000 	C:\WINDOWS\System32\GDI32.dll
0x00007fff2fb50000 - 0x00007fff2fc5b000 	C:\WINDOWS\System32\gdi32full.dll
0x00007fff2fab0000 - 0x00007fff2fb4d000 	C:\WINDOWS\System32\msvcp_win.dll
0x00007fff26ed0000 - 0x00007fff26eda000 	C:\WINDOWS\SYSTEM32\VERSION.dll
0x00007fff31610000 - 0x00007fff31640000 	C:\WINDOWS\System32\IMM32.DLL
0x00007fff2c4b0000 - 0x00007fff2c4bc000 	C:\Program Files\Java\jdk-17.0.1\bin\vcruntime140_1.dll
0x00007fff213c0000 - 0x00007fff2144d000 	C:\Program Files\Java\jdk-17.0.1\bin\msvcp140.dll
0x00007ffefc880000 - 0x00007ffefd43e000 	C:\Program Files\Java\jdk-17.0.1\bin\server\jvm.dll
0x00007fff31400000 - 0x00007fff31408000 	C:\WINDOWS\System32\PSAPI.DLL
0x00007fff23ef0000 - 0x00007fff23f17000 	C:\WINDOWS\SYSTEM32\WINMM.dll
0x00007fff1a420000 - 0x00007fff1a429000 	C:\WINDOWS\SYSTEM32\WSOCK32.dll
0x00007fff315a0000 - 0x00007fff3160b000 	C:\WINDOWS\System32\WS2_32.dll
0x00007fff2dfa0000 - 0x00007fff2dfb2000 	C:\WINDOWS\SYSTEM32\kernel.appcore.dll
0x00007fff2c320000 - 0x00007fff2c32a000 	C:\Program Files\Java\jdk-17.0.1\bin\jimage.dll
0x00007fff28120000 - 0x00007fff28304000 	C:\WINDOWS\SYSTEM32\DBGHELP.DLL
0x00007fff29440000 - 0x00007fff2946c000 	C:\WINDOWS\SYSTEM32\dbgcore.DLL
0x00007fff2fa20000 - 0x00007fff2faa2000 	C:\WINDOWS\System32\bcryptPrimitives.dll
0x00007fff21390000 - 0x00007fff213b5000 	C:\Program Files\Java\jdk-17.0.1\bin\java.dll
0x00007fff21060000 - 0x00007fff21136000 	C:\Program Files\Java\jdk-17.0.1\bin\svml.dll
0x00007fff306b0000 - 0x00007fff30df4000 	C:\WINDOWS\System32\SHELL32.dll
0x00007fff2d470000 - 0x00007fff2dc04000 	C:\WINDOWS\SYSTEM32\windows.storage.dll
0x00007fff30ec0000 - 0x00007fff31214000 	C:\WINDOWS\System32\combase.dll
0x00007fff2edd0000 - 0x00007fff2edfc000 	C:\WINDOWS\SYSTEM32\Wldp.dll
0x00007fff31bc0000 - 0x00007fff31c6d000 	C:\WINDOWS\System32\SHCORE.dll
0x00007fff31340000 - 0x00007fff31395000 	C:\WINDOWS\System32\shlwapi.dll
0x00007fff2f380000 - 0x00007fff2f39f000 	C:\WINDOWS\SYSTEM32\profapi.dll
0x00007fff21370000 - 0x00007fff21389000 	C:\Program Files\Java\jdk-17.0.1\bin\net.dll
0x00007fff256f0000 - 0x00007fff257fa000 	C:\WINDOWS\SYSTEM32\WINHTTP.dll
0x00007fff2eb30000 - 0x00007fff2eb9a000 	C:\WINDOWS\system32\mswsock.dll
0x00007fff21350000 - 0x00007fff21365000 	C:\Program Files\Java\jdk-17.0.1\bin\nio.dll
0x00007fff21010000 - 0x00007fff21028000 	C:\Program Files\Java\jdk-17.0.1\bin\zip.dll
0x000002edad330000 - 0x000002edad333000 	C:\Program Files\Java\javafx-sdk-18.0.1\bin\api-ms-win-core-console-l1-1-0.dll
0x000002edaf270000 - 0x000002edaf273000 	C:\Program Files\Java\javafx-sdk-18.0.1\bin\api-ms-win-core-console-l1-2-0.dll
0x000002edaf280000 - 0x000002edaf283000 	C:\Program Files\Java\javafx-sdk-18.0.1\bin\api-ms-win-core-datetime-l1-1-0.dll
0x000002edaf290000 - 0x000002edaf293000 	C:\Program Files\Java\javafx-sdk-18.0.1\bin\api-ms-win-core-debug-l1-1-0.dll
0x000002edaf2a0000 - 0x000002edaf2a3000 	C:\Program Files\Java\javafx-sdk-18.0.1\bin\api-ms-win-core-errorhandling-l1-1-0.dll
0x000002edaf2b0000 - 0x000002edaf2b4000 	C:\Program Files\Java\javafx-sdk-18.0.1\bin\api-ms-win-core-file-l1-1-0.dll
0x000002edaf2c0000 - 0x000002edaf2c3000 	C:\Program Files\Java\javafx-sdk-18.0.1\bin\api-ms-win-core-file-l1-2-0.dll
0x000002edaf2d0000 - 0x000002edaf2d3000 	C:\Program Files\Java\javafx-sdk-18.0.1\bin\api-ms-win-core-file-l2-1-0.dll
0x000002edaf2e0000 - 0x000002edaf2e3000 	C:\Program Files\Java\javafx-sdk-18.0.1\bin\api-ms-win-core-handle-l1-1-0.dll
0x000002edccb90000 - 0x000002edccb93000 	C:\Program Files\Java\javafx-sdk-18.0.1\bin\api-ms-win-core-heap-l1-1-0.dll
0x000002edccba0000 - 0x000002edccba3000 	C:\Program Files\Java\javafx-sdk-18.0.1\bin\api-ms-win-core-interlocked-l1-1-0.dll
0x000002edccbb0000 - 0x000002edccbb3000 	C:\Program Files\Java\javafx-sdk-18.0.1\bin\api-ms-win-core-libraryloader-l1-1-0.dll
0x000002edccbc0000 - 0x000002edccbc3000 	C:\Program Files\Java\javafx-sdk-18.0.1\bin\api-ms-win-core-localization-l1-2-0.dll
0x000002edccbd0000 - 0x000002edccbd3000 	C:\Program Files\Java\javafx-sdk-18.0.1\bin\api-ms-win-core-memory-l1-1-0.dll
0x000002edccbe0000 - 0x000002edccbe3000 	C:\Program Files\Java\javafx-sdk-18.0.1\bin\api-ms-win-core-namedpipe-l1-1-0.dll
0x000002edccbf0000 - 0x000002edccbf3000 	C:\Program Files\Java\javafx-sdk-18.0.1\bin\api-ms-win-core-processenvironment-l1-1-0.dll
0x000002edce130000 - 0x000002edce133000 	C:\Program Files\Java\javafx-sdk-18.0.1\bin\api-ms-win-core-processthreads-l1-1-0.dll
0x000002edce140000 - 0x000002edce143000 	C:\Program Files\Java\javafx-sdk-18.0.1\bin\api-ms-win-core-processthreads-l1-1-1.dll
0x000002edce150000 - 0x000002edce153000 	C:\Program Files\Java\javafx-sdk-18.0.1\bin\api-ms-win-core-profile-l1-1-0.dll
0x000002edce160000 - 0x000002edce163000 	C:\Program Files\Java\javafx-sdk-18.0.1\bin\api-ms-win-core-rtlsupport-l1-1-0.dll
0x000002edce170000 - 0x000002edce173000 	C:\Program Files\Java\javafx-sdk-18.0.1\bin\api-ms-win-core-string-l1-1-0.dll
0x000002edce180000 - 0x000002edce183000 	C:\Program Files\Java\javafx-sdk-18.0.1\bin\api-ms-win-core-synch-l1-1-0.dll
0x000002edce190000 - 0x000002edce193000 	C:\Program Files\Java\javafx-sdk-18.0.1\bin\api-ms-win-core-synch-l1-2-0.dll
0x000002edce1a0000 - 0x000002edce1a3000 	C:\Program Files\Java\javafx-sdk-18.0.1\bin\api-ms-win-core-sysinfo-l1-1-0.dll
0x000002edce1b0000 - 0x000002edce1b3000 	C:\Program Files\Java\javafx-sdk-18.0.1\bin\api-ms-win-core-timezone-l1-1-0.dll
0x000002edce1c0000 - 0x000002edce1c3000 	C:\Program Files\Java\javafx-sdk-18.0.1\bin\api-ms-win-core-util-l1-1-0.dll
0x000002edce1d0000 - 0x000002edce1d3000 	C:\Program Files\Java\javafx-sdk-18.0.1\bin\api-ms-win-crt-conio-l1-1-0.dll
0x000002edce1e0000 - 0x000002edce1e4000 	C:\Program Files\Java\javafx-sdk-18.0.1\bin\api-ms-win-crt-convert-l1-1-0.dll
0x000002edce1f0000 - 0x000002edce1f3000 	C:\Program Files\Java\javafx-sdk-18.0.1\bin\api-ms-win-crt-environment-l1-1-0.dll
0x000002edce200000 - 0x000002edce203000 	C:\Program Files\Java\javafx-sdk-18.0.1\bin\api-ms-win-crt-filesystem-l1-1-0.dll
0x000002edce210000 - 0x000002edce213000 	C:\Program Files\Java\javafx-sdk-18.0.1\bin\api-ms-win-crt-heap-l1-1-0.dll
0x000002edce220000 - 0x000002edce223000 	C:\Program Files\Java\javafx-sdk-18.0.1\bin\api-ms-win-crt-locale-l1-1-0.dll
0x000002edce230000 - 0x000002edce235000 	C:\Program Files\Java\javafx-sdk-18.0.1\bin\api-ms-win-crt-math-l1-1-0.dll
0x000002edce240000 - 0x000002edce245000 	C:\Program Files\Java\javafx-sdk-18.0.1\bin\api-ms-win-crt-multibyte-l1-1-0.dll
0x000002edce250000 - 0x000002edce260000 	C:\Program Files\Java\javafx-sdk-18.0.1\bin\api-ms-win-crt-private-l1-1-0.dll
0x000002edce260000 - 0x000002edce263000 	C:\Program Files\Java\javafx-sdk-18.0.1\bin\api-ms-win-crt-process-l1-1-0.dll
0x000002edce270000 - 0x000002edce274000 	C:\Program Files\Java\javafx-sdk-18.0.1\bin\api-ms-win-crt-runtime-l1-1-0.dll
0x000002edce280000 - 0x000002edce284000 	C:\Program Files\Java\javafx-sdk-18.0.1\bin\api-ms-win-crt-stdio-l1-1-0.dll
0x000002edce290000 - 0x000002edce294000 	C:\Program Files\Java\javafx-sdk-18.0.1\bin\api-ms-win-crt-string-l1-1-0.dll
0x000002edce2a0000 - 0x000002edce2a3000 	C:\Program Files\Java\javafx-sdk-18.0.1\bin\api-ms-win-crt-time-l1-1-0.dll
0x000002edce2b0000 - 0x000002edce2b3000 	C:\Program Files\Java\javafx-sdk-18.0.1\bin\api-ms-win-crt-utility-l1-1-0.dll
0x00007ffeff3b0000 - 0x00007ffeff4ac000 	C:\Program Files\Java\javafx-sdk-18.0.1\bin\ucrtbase.dll
0x00007fff10420000 - 0x00007fff1043a000 	C:\Program Files\Java\javafx-sdk-18.0.1\bin\vcruntime140.dll
0x00007fff25510000 - 0x00007fff2551c000 	C:\Program Files\Java\javafx-sdk-18.0.1\bin\vcruntime140_1.dll
0x00007fff0f830000 - 0x00007fff0f8bd000 	C:\Program Files\Java\javafx-sdk-18.0.1\bin\msvcp140.dll
0x00007fff0c300000 - 0x00007fff0c32c000 	C:\Program Files\Java\javafx-sdk-18.0.1\bin\prism_d3d.dll
0x00007ffefaab0000 - 0x00007ffefac7f000 	C:\WINDOWS\system32\d3d9.dll
0x00007fff2cc00000 - 0x00007fff2cc2f000 	C:\WINDOWS\SYSTEM32\dwmapi.dll
0x00007fff2ca10000 - 0x00007fff2caae000 	C:\WINDOWS\system32\uxtheme.dll
0x00007ffed4140000 - 0x00007ffed667e000 	C:\WINDOWS\SYSTEM32\igdumdim64.dll
0x00007fff31410000 - 0x00007fff314dd000 	C:\WINDOWS\System32\OLEAUT32.dll
0x00007fff30200000 - 0x00007fff3032a000 	C:\WINDOWS\System32\ole32.dll
0x00007fff2fd80000 - 0x00007fff301f1000 	C:\WINDOWS\System32\SETUPAPI.dll
0x00007fff2f6a0000 - 0x00007fff2f6ee000 	C:\WINDOWS\System32\cfgmgr32.dll
0x00007fff2f9f0000 - 0x00007fff2fa17000 	C:\WINDOWS\System32\bcrypt.dll
0x00007fff00f00000 - 0x00007fff00f42000 	C:\Program Files\Java\javafx-sdk-18.0.1\bin\glass.dll
0x00007fff30430000 - 0x00007fff3050b000 	C:\WINDOWS\System32\COMDLG32.dll
0x00007fff31220000 - 0x00007fff31335000 	C:\WINDOWS\System32\MSCTF.dll

dbghelp: loaded successfully - version: 4.0.5 - missing functions: none
symbol engine: initialized successfully - sym options: 0x614 - pdb path: .;C:\Program Files\Java\jdk-17.0.1\bin;C:\WINDOWS\SYSTEM32;C:\WINDOWS\WinSxS\amd64_microsoft.windows.common-controls_6595b64144ccf1df_6.0.19041.1110_none_60b5254171f9507e;C:\Program Files\Java\jdk-17.0.1\bin\server;C:\Program Files\Java\javafx-sdk-18.0.1\bin

VM Arguments:
jvm_args: -Dfile.encoding=Cp1252 --module-path=C:\Users\PRINCESSE\eclipse-workspace\GestionBancaire\bin;C:\Program Files\Java\javafx-sdk-18.0.1\lib\javafx-swt.jar;C:\Program Files\Java\javafx-sdk-18.0.1\lib\javafx.base.jar;C:\Program Files\Java\javafx-sdk-18.0.1\lib\javafx.controls.jar;C:\Program Files\Java\javafx-sdk-18.0.1\lib\javafx.fxml.jar;C:\Program Files\Java\javafx-sdk-18.0.1\lib\javafx.graphics.jar;C:\Program Files\Java\javafx-sdk-18.0.1\lib\javafx.media.jar;C:\Program Files\Java\javafx-sdk-18.0.1\lib\javafx.swing.jar;C:\Program Files\Java\javafx-sdk-18.0.1\lib\javafx.web.jar;C:\Users\PRINCESSE\.p2\pool\plugins\org.eclipse.fx.ide.css.jfx8_3.7.0.202010120832.jar -XX:+ShowCodeDetailsInExceptionMessages -Djdk.module.main=GestionBancaire 
java_command: GestionBancaire/application.Main
java_class_path (initial): C:\Users\PRINCESSE\Desktop\mysql-connector-java-8.0.29\mysql-connector-java-8.0.29.jar
Launcher Type: SUN_STANDARD

[Global flags]
     intx CICompilerCount                          = 3                                         {product} {ergonomic}
     uint ConcGCThreads                            = 1                                         {product} {ergonomic}
     uint G1ConcRefinementThreads                  = 4                                         {product} {ergonomic}
   size_t G1HeapRegionSize                         = 1048576                                   {product} {ergonomic}
    uintx GCDrainStackTargetSize                   = 64                                        {product} {ergonomic}
   size_t InitialHeapSize                          = 134217728                                 {product} {ergonomic}
   size_t MarkStackSize                            = 4194304                                   {product} {ergonomic}
   size_t MaxHeapSize                              = 2120220672                                {product} {ergonomic}
   size_t MaxNewSize                               = 1271922688                                {product} {ergonomic}
   size_t MinHeapDeltaBytes                        = 1048576                                   {product} {ergonomic}
   size_t MinHeapSize                              = 8388608                                   {product} {ergonomic}
    uintx NonNMethodCodeHeapSize                   = 5832780                                {pd product} {ergonomic}
    uintx NonProfiledCodeHeapSize                  = 122912730                              {pd product} {ergonomic}
    uintx ProfiledCodeHeapSize                     = 122912730                              {pd product} {ergonomic}
    uintx ReservedCodeCacheSize                    = 251658240                              {pd product} {ergonomic}
     bool SegmentedCodeCache                       = true                                      {product} {ergonomic}
     bool ShowCodeDetailsInExceptionMessages       = true                                   {manageable} {command line}
   size_t SoftMaxHeapSize                          = 2120220672                             {manageable} {ergonomic}
     bool UseCompressedClassPointers               = true                           {product lp64_product} {ergonomic}
     bool UseCompressedOops                        = true                           {product lp64_product} {ergonomic}
     bool UseG1GC                                  = true                                      {product} {ergonomic}
     bool UseLargePagesIndividualAllocation        = false                                  {pd product} {ergonomic}

Logging:
Log output configuration:
 #0: stdout all=warning uptime,level,tags
 #1: stderr all=off uptime,level,tags

Environment Variables:
JAVA_HOME=C:\Program Files\Java\jdk-17.0.1
PATH=C:\Program Files (x86)\VMware\VMware Workstation\bin\;C:\Program Files\Common Files\Oracle\Java\javapath;C:\WINDOWS\system32;C:\WINDOWS;C:\WINDOWS\System32\Wbem;C:\WINDOWS\System32\WindowsPowerShell\v1.0\;C:\WINDOWS\System32\OpenSSH\;C:\Program Files\Intel\WiFi\bin\;C:\Program Files\Common Files\Intel\WirelessCommon\;C:\MinGW\bin;C:\Program Files\Java\jdk-15.0.2\bin;C:\Program Files\Git\cmd;C:\Program Files\dotnet\;C:\Program Files\Symfony;C:\PHP8;C:\ProgramData\ComposerSetup\bin;C:\ProgramData\chocolatey\bin;C:\Program Files\nodejs\;%JAVA_HOME%\bin;C:\Users\PRINCESSE\AppData\Local\Programs\Python\Python39\Scripts\;C:\Users\PRINCESSE\AppData\Local\Programs\Python\Python39\;C:\Users\PRINCESSE\anaconda3;C:\Users\PRINCESSE\anaconda3\Library\mingw-w64\bin;C:\Users\PRINCESSE\anaconda3\Library\usr\bin;C:\Users\PRINCESSE\anaconda3\Library\bin;C:\Users\PRINCESSE\anaconda3\Scripts;C:\Users\PRINCESSE\AppData\Local\Microsoft\WindowsApps;C:\Users\PRINCESSE\AppData\Local\Programs\Microsoft VS Code\bin;C:\Program Files\JetBrains\PyCharm Community Edition 2021.1.2\bin;;C:\Program Files\Java\jdk-17.0.1\bin;C:\Program Files\Intel\WiFi\bin\;C:\Program Files\Common Files\Intel\WirelessCommon\;C:\Users\PRINCESSE\.dotnet\tools;C:\PHP8;C:\php7;C:\Users\PRINCESSE\AppData\Roaming\Composer\vendor\bin;C:\Users\PRINCESSE\AppData\Roaming\npm;
USERNAME=PRINCESSE
OS=Windows_NT
PROCESSOR_IDENTIFIER=Intel64 Family 6 Model 61 Stepping 4, GenuineIntel



---------------  S Y S T E M  ---------------

OS:
 Windows 10 , 64 bit Build 19041 (10.0.19041.1706)
OS uptime: 10 days 5:38 hours

CPU: total 4 (initial active 4) (2 cores per cpu, 2 threads per core) family 6 model 61 stepping 4 microcode 0x2f, cx8, cmov, fxsr, ht, mmx, 3dnowpref, sse, sse2, sse3, ssse3, sse4.1, sse4.2, popcnt, lzcnt, tsc, tscinvbit, avx, avx2, aes, erms, clmul, bmi1, bmi2, adx, fma, vzeroupper, clflush

Memory: 4k page, system-wide physical 8083M (2399M free)
TotalPageFile size 9989M (AvailPageFile size 1M)
current process WorkingSet (physical memory assigned to process): 59M, peak: 59M
current process commit charge ("private bytes"): 217M, peak: 217M

vm_info: Java HotSpot(TM) 64-Bit Server VM (17.0.1+12-LTS-39) for windows-amd64 JRE (17.0.1+12-LTS-39), built on Sep 27 2021 18:41:35 by "mach5one" with MS VC++ 16.8 (VS2019)

END.
